2010-04-13 09:17:34,946 ERROR jobSubmitter:127 - bioinfo.comaWebServer.jobManagement.JobSubmitter.makeLocalDir(JobSubmitter.java:524)
2010-04-13 09:17:34,947 ERROR jobSubmitter:127 - bioinfo.comaWebServer.jobManagement.JobSubmitter.commonTasks(JobSubmitter.java:546)
2010-04-13 09:17:34,947 ERROR jobSubmitter:127 - bioinfo.comaWebServer.jobManagement.JobSubmitter.submitComaJob(JobSubmitter.java:64)
2010-04-13 09:17:34,948 ERROR jobSubmitter:127 - bioinfo.comaWebServer.pages.Index.onSuccess(Index.java:235)
2010-04-13 09:17:34,949 ERROR jobSubmitter:127 - bioinfo.comaWebServer.pages.Index.dispatchComponentEvent(Index.java)
2010-04-13 09:17:34,949 ERROR jobSubmitter:127 - org.apache.tapestry5.internal.structure.ComponentPageElementImpl.dispatchEvent(ComponentPageElementImpl.java:886)
2010-04-13 09:17:34,950 ERROR jobSubmitter:127 - org.apache.tapestry5.internal.structure.ComponentPageElementImpl.triggerContextEvent(ComponentPageElementImpl.java:1059)
2010-04-13 09:17:34,950 ERROR jobSubmitter:127 - org.apache.tapestry5.internal.structure.InternalComponentResourcesImpl.triggerContextEvent(InternalComponentResourcesImpl.java:228)
2010-04-13 09:17:34,951 ERROR jobSubmitter:127 - org.apache.tapestry5.corelib.components.Form._$advised$onAction(Form.java:408)
2010-04-13 09:17:34,952 ERROR jobSubmitter:127 - org.apache.tapestry5.corelib.components.Form$onAction$invocation_127f5cd4da5.invokeAdvisedMethod(Form$onAction$invocation_127f5cd4da5.java)
2010-04-13 09:17:34,952 ERROR jobSubmitter:127 - org.apache.tapestry5.internal.services.AbstractComponentMethodInvocation.proceed(AbstractComponentMethodInvocation.java:71)
2010-04-13 09:17:34,953 ERROR jobSubmitter:127 - org.apache.tapestry5.ioc.internal.services.LoggingAdvice.advise(LoggingAdvice.java:37)
2010-04-13 09:17:34,954 ERROR jobSubmitter:127 - org.apache.tapestry5.internal.transform.LogWorker$1.advise(LogWorker.java:54)
2010-04-13 09:17:34,954 ERROR jobSubmitter:127 - org.apache.tapestry5.internal.services.AbstractComponentMethodInvocation.proceed(AbstractComponentMethodInvocation.java:80)
2010-04-13 09:17:34,955 ERROR jobSubmitter:127 - org.apache.tapestry5.corelib.components.Form.onAction(Form.java)
2010-04-13 09:17:34,956 ERROR jobSubmitter:127 - org.apache.tapestry5.corelib.components.Form.dispatchComponentEvent(Form.java)
2010-04-13 09:17:34,956 ERROR jobSubmitter:127 - org.apache.tapestry5.internal.structure.ComponentPageElementImpl.dispatchEvent(ComponentPageElementImpl.java:894)
2010-04-13 09:17:34,957 ERROR jobSubmitter:127 - org.apache.tapestry5.internal.structure.ComponentPageElementImpl.triggerContextEvent(ComponentPageElementImpl.java:1059)
2010-04-13 09:17:34,957 ERROR jobSubmitter:127 - org.apache.tapestry5.internal.services.ComponentEventRequestHandlerImpl.handle(ComponentEventRequestHandlerImpl.java:68)
2010-04-13 09:17:34,958 ERROR jobSubmitter:127 - org.apache.tapestry5.internal.services.ImmediateActionRenderResponseFilter.handle(ImmediateActionRenderResponseFilter.java:42)
2010-04-13 09:17:34,959 ERROR jobSubmitter:127 - $ComponentEventRequestHandler_127f5ccee30.handle($ComponentEventRequestHandler_127f5ccee30.java)
2010-04-13 09:17:34,959 ERROR jobSubmitter:127 - org.apache.tapestry5.internal.services.AjaxFilter.handle(AjaxFilter.java:42)
2010-04-13 09:17:34,960 ERROR jobSubmitter:127 - $ComponentEventRequestHandler_127f5ccee30.handle($ComponentEventRequestHandler_127f5ccee30.java)
2010-04-13 09:17:34,961 ERROR jobSubmitter:127 - org.apache.tapestry5.upload.internal.services.UploadExceptionFilter.handle(UploadExceptionFilter.java:71)
2010-04-13 09:17:34,961 ERROR jobSubmitter:127 - $ComponentEventRequestHandler_127f5ccee30.handle($ComponentEventRequestHandler_127f5ccee30.java)
2010-04-13 09:17:34,962 ERROR jobSubmitter:127 - org.apache.tapestry5.services.TapestryModule$44.handle(TapestryModule.java:2105)
2010-04-13 09:17:34,963 ERROR jobSubmitter:127 - $ComponentEventRequestHandler_127f5ccee30.handle($ComponentEventRequestHandler_127f5ccee30.java)
2010-04-13 09:17:34,963 ERROR jobSubmitter:127 - $ComponentEventRequestHandler_127f5ccecab.handle($ComponentEventRequestHandler_127f5ccecab.java)
2010-04-13 09:17:34,964 ERROR jobSubmitter:127 - org.apache.tapestry5.internal.services.ComponentEventDispatcher.dispatch(ComponentEventDispatcher.java:127)
2010-04-13 09:17:34,965 ERROR jobSubmitter:127 - $Dispatcher_127f5ccecad.dispatch($Dispatcher_127f5ccecad.java)
2010-04-13 09:17:34,965 ERROR jobSubmitter:127 - $Dispatcher_127f5ccec9f.dispatch($Dispatcher_127f5ccec9f.java)
2010-04-13 09:17:34,966 ERROR jobSubmitter:127 - org.apache.tapestry5.services.TapestryModule$17.service(TapestryModule.java:1029)
2010-04-13 09:17:34,966 ERROR jobSubmitter:127 - org.apache.tapestry5.internal.services.LocalizationFilter.service(LocalizationFilter.java:42)
2010-04-13 09:17:34,967 ERROR jobSubmitter:127 - $RequestHandler_127f5cceca0.service($RequestHandler_127f5cceca0.java)
2010-04-13 09:17:34,968 ERROR jobSubmitter:127 - bioinfo.comaWebServer.services.AppModule$1.service(AppModule.java:125)
2010-04-13 09:17:34,968 ERROR jobSubmitter:127 - $RequestFilter_127f5ccec9a.service($RequestFilter_127f5ccec9a.java)
2010-04-13 09:17:34,969 ERROR jobSubmitter:127 - $RequestHandler_127f5cceca0.service($RequestHandler_127f5cceca0.java)
2010-04-13 09:17:34,970 ERROR jobSubmitter:127 - nu.localhost.tapestry.acegi.services.internal.RequestFilterWrapper$1.doFilter(RequestFilterWrapper.java:60)
2010-04-13 09:17:34,970 ERROR jobSubmitter:127 - nu.localhost.tapestry.acegi.services.internal.AcegiExceptionTranslationFilter.doFilter(AcegiExceptionTranslationFilter.java:67)
2010-04-13 09:17:34,971 ERROR jobSubmitter:127 - nu.localhost.tapestry.acegi.services.internal.RequestFilterWrapper.service(RequestFilterWrapper.java:54)
2010-04-13 09:17:34,971 ERROR jobSubmitter:127 - $RequestFilter_127f5ccec99.service($RequestFilter_127f5ccec99.java)
2010-04-13 09:17:34,972 ERROR jobSubmitter:127 - $RequestHandler_127f5cceca0.service($RequestHandler_127f5cceca0.java)
2010-04-13 09:17:34,973 ERROR jobSubmitter:127 - org.apache.tapestry5.internal.services.RequestErrorFilter.service(RequestErrorFilter.java:26)
2010-04-13 09:17:34,973 ERROR jobSubmitter:127 - $RequestHandler_127f5cceca0.service($RequestHandler_127f5cceca0.java)
2010-04-13 09:17:34,974 ERROR jobSubmitter:127 - org.apache.tapestry5.services.TapestryModule$3.service(TapestryModule.java:621)
2010-04-13 09:17:34,974 ERROR jobSubmitter:127 - $RequestHandler_127f5cceca0.service($RequestHandler_127f5cceca0.java)
2010-04-13 09:17:34,975 ERROR jobSubmitter:127 - org.apache.tapestry5.services.TapestryModule$2.service(TapestryModule.java:611)
2010-04-13 09:17:34,976 ERROR jobSubmitter:127 - $RequestHandler_127f5cceca0.service($RequestHandler_127f5cceca0.java)
2010-04-13 09:17:34,976 ERROR jobSubmitter:127 - org.apache.tapestry5.internal.services.StaticFilesFilter.service(StaticFilesFilter.java:85)
2010-04-13 09:17:34,977 ERROR jobSubmitter:127 - $RequestHandler_127f5cceca0.service($RequestHandler_127f5cceca0.java)
2010-04-13 09:17:34,977 ERROR jobSubmitter:127 - org.apache.tapestry5.internal.services.CheckForUpdatesFilter$2.invoke(CheckForUpdatesFilter.java:93)
2010-04-13 09:17:34,978 ERROR jobSubmitter:127 - org.apache.tapestry5.internal.services.CheckForUpdatesFilter$2.invoke(CheckForUpdatesFilter.java:84)
2010-04-13 09:17:34,978 ERROR jobSubmitter:127 - org.apache.tapestry5.ioc.internal.util.ConcurrentBarrier.withRead(ConcurrentBarrier.java:83)
2010-04-13 09:17:34,979 ERROR jobSubmitter:127 - org.apache.tapestry5.internal.services.CheckForUpdatesFilter.service(CheckForUpdatesFilter.java:106)
2010-04-13 09:17:34,979 ERROR jobSubmitter:127 - $RequestHandler_127f5cceca0.service($RequestHandler_127f5cceca0.java)
2010-04-13 09:17:34,980 ERROR jobSubmitter:127 - $RequestHandler_127f5ccec94.service($RequestHandler_127f5ccec94.java)
2010-04-13 09:17:34,981 ERROR jobSubmitter:127 - org.apache.tapestry5.services.TapestryModule$16.service(TapestryModule.java:1007)
2010-04-13 09:17:34,981 ERROR jobSubmitter:127 - org.apache.tapestry5.upload.internal.services.MultipartServletRequestFilter.service(MultipartServletRequestFilter.java:44)
2010-04-13 09:17:34,982 ERROR jobSubmitter:127 - $HttpServletRequestHandler_127f5ccec95.service($HttpServletRequestHandler_127f5ccec95.java)
2010-04-13 09:17:34,983 ERROR jobSubmitter:127 - org.apache.tapestry5.internal.services.IgnoredPathsFilter.service(IgnoredPathsFilter.java:62)
2010-04-13 09:17:34,983 ERROR jobSubmitter:127 - $HttpServletRequestFilter_127f5ccec92.service($HttpServletRequestFilter_127f5ccec92.java)
2010-04-13 09:17:34,984 ERROR jobSubmitter:127 - $HttpServletRequestHandler_127f5ccec95.service($HttpServletRequestHandler_127f5ccec95.java)
2010-04-13 09:17:34,984 ERROR jobSubmitter:127 - nu.localhost.tapestry.acegi.services.internal.HttpServletRequestFilterWrapper$1.doFilter(HttpServletRequestFilterWrapper.java:56)
2010-04-13 09:17:34,985 ERROR jobSubmitter:127 - org.acegisecurity.providers.anonymous.AnonymousProcessingFilter.doFilter(AnonymousProcessingFilter.java:125)
2010-04-13 09:17:34,986 ERROR jobSubmitter:127 - nu.localhost.tapestry.acegi.services.internal.HttpServletRequestFilterWrapper.service(HttpServletRequestFilterWrapper.java:52)
2010-04-13 09:17:34,986 ERROR jobSubmitter:127 - $HttpServletRequestFilter_127f5ccec91.service($HttpServletRequestFilter_127f5ccec91.java)
2010-04-13 09:17:34,987 ERROR jobSubmitter:127 - $HttpServletRequestHandler_127f5ccec95.service($HttpServletRequestHandler_127f5ccec95.java)
2010-04-13 09:17:34,987 ERROR jobSubmitter:127 - nu.localhost.tapestry.acegi.services.internal.HttpServletRequestFilterWrapper$1.doFilter(HttpServletRequestFilterWrapper.java:56)
2010-04-13 09:17:34,988 ERROR jobSubmitter:127 - org.acegisecurity.wrapper.SecurityContextHolderAwareRequestFilter.doFilter(SecurityContextHolderAwareRequestFilter.java:81)
2010-04-13 09:17:34,989 ERROR jobSubmitter:127 - nu.localhost.tapestry.acegi.services.internal.HttpServletRequestFilterWrapper.service(HttpServletRequestFilterWrapper.java:52)
2010-04-13 09:17:34,989 ERROR jobSubmitter:127 - $HttpServletRequestFilter_127f5ccec90.service($HttpServletRequestFilter_127f5ccec90.java)
2010-04-13 09:17:34,990 ERROR jobSubmitter:127 - $HttpServletRequestHandler_127f5ccec95.service($HttpServletRequestHandler_127f5ccec95.java)
2010-04-13 09:17:34,990 ERROR jobSubmitter:127 - nu.localhost.tapestry.acegi.services.internal.HttpServletRequestFilterWrapper$1.doFilter(HttpServletRequestFilterWrapper.java:56)
2010-04-13 09:17:34,991 ERROR jobSubmitter:127 - org.acegisecurity.ui.rememberme.RememberMeProcessingFilter.doFilter(RememberMeProcessingFilter.java:142)
2010-04-13 09:17:34,992 ERROR jobSubmitter:127 - nu.localhost.tapestry.acegi.services.internal.HttpServletRequestFilterWrapper.service(HttpServletRequestFilterWrapper.java:52)
2010-04-13 09:17:34,992 ERROR jobSubmitter:127 - $HttpServletRequestFilter_127f5ccec8f.service($HttpServletRequestFilter_127f5ccec8f.java)
2010-04-13 09:17:34,993 ERROR jobSubmitter:127 - $HttpServletRequestHandler_127f5ccec95.service($HttpServletRequestHandler_127f5ccec95.java)
2010-04-13 09:17:34,993 ERROR jobSubmitter:127 - nu.localhost.tapestry.acegi.services.internal.HttpServletRequestFilterWrapper$1.doFilter(HttpServletRequestFilterWrapper.java:56)
2010-04-13 09:17:34,994 ERROR jobSubmitter:127 - org.acegisecurity.ui.AbstractProcessingFilter.doFilter(AbstractProcessingFilter.java:271)
2010-04-13 09:17:34,995 ERROR jobSubmitter:127 - nu.localhost.tapestry.acegi.services.internal.HttpServletRequestFilterWrapper.service(HttpServletRequestFilterWrapper.java:52)
2010-04-13 09:17:34,995 ERROR jobSubmitter:127 - $HttpServletRequestFilter_127f5ccec8e.service($HttpServletRequestFilter_127f5ccec8e.java)
2010-04-13 09:17:34,996 ERROR jobSubmitter:127 - $HttpServletRequestHandler_127f5ccec95.service($HttpServletRequestHandler_127f5ccec95.java)
2010-04-13 09:17:34,996 ERROR jobSubmitter:127 - nu.localhost.tapestry.acegi.services.internal.HttpServletRequestFilterWrapper$1.doFilter(HttpServletRequestFilterWrapper.java:56)
2010-04-13 09:17:34,997 ERROR jobSubmitter:127 - org.acegisecurity.context.HttpSessionContextIntegrationFilter.doFilter(HttpSessionContextIntegrationFilter.java:249)
2010-04-13 09:17:34,998 ERROR jobSubmitter:127 - nu.localhost.tapestry.acegi.services.internal.HttpServletRequestFilterWrapper.service(HttpServletRequestFilterWrapper.java:52)
2010-04-13 09:17:34,998 ERROR jobSubmitter:127 - $HttpServletRequestFilter_127f5ccec8d.service($HttpServletRequestFilter_127f5ccec8d.java)
2010-04-13 09:17:34,999 ERROR jobSubmitter:127 - $HttpServletRequestHandler_127f5ccec95.service($HttpServletRequestHandler_127f5ccec95.java)
2010-04-13 09:17:35,000 ERROR jobSubmitter:127 - $HttpServletRequestHandler_127f5ccec8c.service($HttpServletRequestHandler_127f5ccec8c.java)
2010-04-13 09:17:35,000 ERROR jobSubmitter:127 - org.apache.tapestry5.TapestryFilter.doFilter(TapestryFilter.java:179)
2010-04-13 09:17:35,001 ERROR jobSubmitter:127 - org.mortbay.jetty.servlet.ServletHandler$CachedChain.doFilter(ServletHandler.java:1115)
2010-04-13 09:17:35,001 ERROR jobSubmitter:127 - org.mortbay.jetty.servlet.ServletHandler.handle(ServletHandler.java:361)
2010-04-13 09:17:35,002 ERROR jobSubmitter:127 - org.mortbay.jetty.security.SecurityHandler.handle(SecurityHandler.java:216)
2010-04-13 09:17:35,002 ERROR jobSubmitter:127 - org.mortbay.jetty.servlet.SessionHandler.handle(SessionHandler.java:181)
2010-04-13 09:17:35,003 ERROR jobSubmitter:127 - org.mortbay.jetty.handler.ContextHandler.handle(ContextHandler.java:766)
2010-04-13 09:17:35,004 ERROR jobSubmitter:127 - org.mortbay.jetty.webapp.WebAppContext.handle(WebAppContext.java:417)
2010-04-13 09:17:35,004 ERROR jobSubmitter:127 - org.mortbay.jetty.handler.ContextHandlerCollection.handle(ContextHandlerCollection.java:230)
2010-04-13 09:17:35,005 ERROR jobSubmitter:127 - org.mortbay.jetty.handler.HandlerCollection.handle(HandlerCollection.java:114)
2010-04-13 09:17:35,005 ERROR jobSubmitter:127 - org.mortbay.jetty.handler.HandlerWrapper.handle(HandlerWrapper.java:152)
2010-04-13 09:17:35,006 ERROR jobSubmitter:127 - org.mortbay.jetty.Server.handle(Server.java:324)
2010-04-13 09:17:35,006 ERROR jobSubmitter:127 - org.mortbay.jetty.HttpConnection.handleRequest(HttpConnection.java:534)
2010-04-13 09:17:35,007 ERROR jobSubmitter:127 - org.mortbay.jetty.HttpConnection$RequestHandler.content(HttpConnection.java:879)
2010-04-13 09:17:35,008 ERROR jobSubmitter:127 - org.mortbay.jetty.HttpParser.parseNext(HttpParser.java:741)
2010-04-13 09:17:35,008 ERROR jobSubmitter:127 - org.mortbay.jetty.HttpParser.parseAvailable(HttpParser.java:213)
2010-04-13 09:17:35,009 ERROR jobSubmitter:127 - org.mortbay.jetty.HttpConnection.handle(HttpConnection.java:403)
2010-04-13 09:17:35,009 ERROR jobSubmitter:127 - org.mortbay.io.nio.SelectChannelEndPoint.run(SelectChannelEndPoint.java:409)
2010-04-13 09:17:35,010 ERROR jobSubmitter:127 - org.mortbay.thread.QueuedThreadPool$PoolThread.run(QueuedThreadPool.java:522)
