2010-04-13 08:44:16,638 ERROR periodicalDatabaseUpdater:84 - bioinfo.comaWebServer.jobManagement.PeriodicalDatabaseUpdater.run(PeriodicalDatabaseUpdater.java:42)
2010-04-13 08:44:16,642 ERROR periodicalDatabaseUpdater:84 - java.util.TimerThread.mainLoop(Timer.java:512)
2010-04-13 08:44:16,642 ERROR periodicalDatabaseUpdater:84 - java.util.TimerThread.run(Timer.java:462)
2010-04-13 08:55:09,320 ERROR periodicalDatabaseUpdater:84 - bioinfo.comaWebServer.jobManagement.PeriodicalDatabaseUpdater.run(PeriodicalDatabaseUpdater.java:42)
2010-04-13 08:55:09,322 ERROR periodicalDatabaseUpdater:84 - java.util.TimerThread.mainLoop(Timer.java:512)
2010-04-13 08:55:09,323 ERROR periodicalDatabaseUpdater:84 - java.util.TimerThread.run(Timer.java:462)
2010-04-13 09:02:32,065 ERROR periodicalDatabaseUpdater:84 - bioinfo.comaWebServer.jobManagement.PeriodicalDatabaseUpdater.run(PeriodicalDatabaseUpdater.java:42)
2010-04-13 09:02:32,069 ERROR periodicalDatabaseUpdater:84 - java.util.TimerThread.mainLoop(Timer.java:512)
2010-04-13 09:02:32,069 ERROR periodicalDatabaseUpdater:84 - java.util.TimerThread.run(Timer.java:462)
2010-04-13 09:13:21,870 ERROR periodicalDatabaseUpdater:84 - bioinfo.comaWebServer.jobManagement.PeriodicalDatabaseUpdater.run(PeriodicalDatabaseUpdater.java:42)
2010-04-13 09:13:21,873 ERROR periodicalDatabaseUpdater:84 - java.util.TimerThread.mainLoop(Timer.java:512)
2010-04-13 09:13:21,873 ERROR periodicalDatabaseUpdater:84 - java.util.TimerThread.run(Timer.java:462)
2010-04-13 09:37:19,469 ERROR periodicalDatabaseUpdater:84 - bioinfo.comaWebServer.jobManagement.PeriodicalDatabaseUpdater.run(PeriodicalDatabaseUpdater.java:42)
2010-04-13 09:37:19,472 ERROR periodicalDatabaseUpdater:84 - java.util.TimerThread.mainLoop(Timer.java:512)
2010-04-13 09:37:19,472 ERROR periodicalDatabaseUpdater:84 - java.util.TimerThread.run(Timer.java:462)
2010-04-13 09:49:20,766 ERROR periodicalDatabaseUpdater:84 - bioinfo.comaWebServer.jobManagement.PeriodicalDatabaseUpdater.run(PeriodicalDatabaseUpdater.java:42)
2010-04-13 09:49:20,769 ERROR periodicalDatabaseUpdater:84 - java.util.TimerThread.mainLoop(Timer.java:512)
2010-04-13 09:49:20,769 ERROR periodicalDatabaseUpdater:84 - java.util.TimerThread.run(Timer.java:462)
2010-04-13 09:49:44,817 ERROR periodicalDatabaseUpdater:84 - bioinfo.comaWebServer.jobManagement.PeriodicalDatabaseUpdater.run(PeriodicalDatabaseUpdater.java:42)
2010-04-13 09:49:44,820 ERROR periodicalDatabaseUpdater:84 - java.util.TimerThread.mainLoop(Timer.java:512)
2010-04-13 09:49:44,820 ERROR periodicalDatabaseUpdater:84 - java.util.TimerThread.run(Timer.java:462)
2010-04-13 09:50:27,604 ERROR periodicalDatabaseUpdater:84 - bioinfo.comaWebServer.jobManagement.PeriodicalDatabaseUpdater.run(PeriodicalDatabaseUpdater.java:42)
2010-04-13 09:50:27,606 ERROR periodicalDatabaseUpdater:84 - java.util.TimerThread.mainLoop(Timer.java:512)
2010-04-13 09:50:27,606 ERROR periodicalDatabaseUpdater:84 - java.util.TimerThread.run(Timer.java:462)
2010-04-14 16:25:28,207 ERROR periodicalDatabaseUpdater:84 - bioinfo.comaWebServer.dataManagement.transfer.LocalPBSDataManager.fileLastModified(LocalPBSDataManager.java:102)
2010-04-14 16:25:28,221 ERROR periodicalDatabaseUpdater:84 - bioinfo.comaWebServer.jobManagement.PeriodicalDatabaseUpdater.run(PeriodicalDatabaseUpdater.java:64)
2010-04-14 16:25:28,221 ERROR periodicalDatabaseUpdater:84 - java.util.TimerThread.mainLoop(Timer.java:512)
2010-04-14 16:25:28,221 ERROR periodicalDatabaseUpdater:84 - java.util.TimerThread.run(Timer.java:462)
2010-04-14 16:35:28,326 ERROR periodicalDatabaseUpdater:84 - bioinfo.comaWebServer.dataManagement.transfer.LocalPBSDataManager.fileLastModified(LocalPBSDataManager.java:102)
2010-04-14 16:35:28,339 ERROR periodicalDatabaseUpdater:84 - bioinfo.comaWebServer.jobManagement.PeriodicalDatabaseUpdater.run(PeriodicalDatabaseUpdater.java:64)
2010-04-14 16:35:28,339 ERROR periodicalDatabaseUpdater:84 - java.util.TimerThread.mainLoop(Timer.java:512)
2010-04-14 16:35:28,339 ERROR periodicalDatabaseUpdater:84 - java.util.TimerThread.run(Timer.java:462)
2010-04-14 16:45:28,444 ERROR periodicalDatabaseUpdater:84 - bioinfo.comaWebServer.dataManagement.transfer.LocalPBSDataManager.fileLastModified(LocalPBSDataManager.java:102)
2010-04-14 16:45:28,444 ERROR periodicalDatabaseUpdater:84 - bioinfo.comaWebServer.jobManagement.PeriodicalDatabaseUpdater.run(PeriodicalDatabaseUpdater.java:64)
2010-04-14 16:45:28,445 ERROR periodicalDatabaseUpdater:84 - java.util.TimerThread.mainLoop(Timer.java:512)
2010-04-14 16:45:28,445 ERROR periodicalDatabaseUpdater:84 - java.util.TimerThread.run(Timer.java:462)
2010-04-14 16:55:28,550 ERROR periodicalDatabaseUpdater:84 - bioinfo.comaWebServer.dataManagement.transfer.LocalPBSDataManager.fileLastModified(LocalPBSDataManager.java:102)
2010-04-14 16:55:28,550 ERROR periodicalDatabaseUpdater:84 - bioinfo.comaWebServer.jobManagement.PeriodicalDatabaseUpdater.run(PeriodicalDatabaseUpdater.java:64)
2010-04-14 16:55:28,550 ERROR periodicalDatabaseUpdater:84 - java.util.TimerThread.mainLoop(Timer.java:512)
2010-04-14 16:55:28,550 ERROR periodicalDatabaseUpdater:84 - java.util.TimerThread.run(Timer.java:462)
2010-04-14 17:05:28,654 ERROR periodicalDatabaseUpdater:84 - bioinfo.comaWebServer.dataManagement.transfer.LocalPBSDataManager.fileLastModified(LocalPBSDataManager.java:102)
2010-04-14 17:05:28,654 ERROR periodicalDatabaseUpdater:84 - bioinfo.comaWebServer.jobManagement.PeriodicalDatabaseUpdater.run(PeriodicalDatabaseUpdater.java:64)
2010-04-14 17:05:28,654 ERROR periodicalDatabaseUpdater:84 - java.util.TimerThread.mainLoop(Timer.java:512)
2010-04-14 17:05:28,655 ERROR periodicalDatabaseUpdater:84 - java.util.TimerThread.run(Timer.java:462)
2010-04-14 17:15:28,759 ERROR periodicalDatabaseUpdater:84 - bioinfo.comaWebServer.dataManagement.transfer.LocalPBSDataManager.fileLastModified(LocalPBSDataManager.java:102)
2010-04-14 17:15:28,759 ERROR periodicalDatabaseUpdater:84 - bioinfo.comaWebServer.jobManagement.PeriodicalDatabaseUpdater.run(PeriodicalDatabaseUpdater.java:64)
2010-04-14 17:15:28,759 ERROR periodicalDatabaseUpdater:84 - java.util.TimerThread.mainLoop(Timer.java:512)
2010-04-14 17:15:28,759 ERROR periodicalDatabaseUpdater:84 - java.util.TimerThread.run(Timer.java:462)
2010-04-14 17:25:28,863 ERROR periodicalDatabaseUpdater:84 - bioinfo.comaWebServer.dataManagement.transfer.LocalPBSDataManager.fileLastModified(LocalPBSDataManager.java:102)
2010-04-14 17:25:28,863 ERROR periodicalDatabaseUpdater:84 - bioinfo.comaWebServer.jobManagement.PeriodicalDatabaseUpdater.run(PeriodicalDatabaseUpdater.java:64)
2010-04-14 17:25:28,864 ERROR periodicalDatabaseUpdater:84 - java.util.TimerThread.mainLoop(Timer.java:512)
2010-04-14 17:25:28,864 ERROR periodicalDatabaseUpdater:84 - java.util.TimerThread.run(Timer.java:462)
2010-04-14 17:35:28,969 ERROR periodicalDatabaseUpdater:84 - bioinfo.comaWebServer.dataManagement.transfer.LocalPBSDataManager.fileLastModified(LocalPBSDataManager.java:102)
2010-04-14 17:35:28,969 ERROR periodicalDatabaseUpdater:84 - bioinfo.comaWebServer.jobManagement.PeriodicalDatabaseUpdater.run(PeriodicalDatabaseUpdater.java:64)
2010-04-14 17:35:28,970 ERROR periodicalDatabaseUpdater:84 - java.util.TimerThread.mainLoop(Timer.java:512)
2010-04-14 17:35:28,970 ERROR periodicalDatabaseUpdater:84 - java.util.TimerThread.run(Timer.java:462)
2010-04-14 17:45:29,075 ERROR periodicalDatabaseUpdater:84 - bioinfo.comaWebServer.dataManagement.transfer.LocalPBSDataManager.fileLastModified(LocalPBSDataManager.java:102)
2010-04-14 17:45:29,076 ERROR periodicalDatabaseUpdater:84 - bioinfo.comaWebServer.jobManagement.PeriodicalDatabaseUpdater.run(PeriodicalDatabaseUpdater.java:64)
2010-04-14 17:45:29,076 ERROR periodicalDatabaseUpdater:84 - java.util.TimerThread.mainLoop(Timer.java:512)
2010-04-14 17:45:29,076 ERROR periodicalDatabaseUpdater:84 - java.util.TimerThread.run(Timer.java:462)
2010-04-14 17:55:29,181 ERROR periodicalDatabaseUpdater:84 - bioinfo.comaWebServer.dataManagement.transfer.LocalPBSDataManager.fileLastModified(LocalPBSDataManager.java:102)
2010-04-14 17:55:29,181 ERROR periodicalDatabaseUpdater:84 - bioinfo.comaWebServer.jobManagement.PeriodicalDatabaseUpdater.run(PeriodicalDatabaseUpdater.java:64)
2010-04-14 17:55:29,181 ERROR periodicalDatabaseUpdater:84 - java.util.TimerThread.mainLoop(Timer.java:512)
2010-04-14 17:55:29,181 ERROR periodicalDatabaseUpdater:84 - java.util.TimerThread.run(Timer.java:462)
2010-04-14 18:05:29,286 ERROR periodicalDatabaseUpdater:84 - bioinfo.comaWebServer.dataManagement.transfer.LocalPBSDataManager.fileLastModified(LocalPBSDataManager.java:102)
2010-04-14 18:05:29,287 ERROR periodicalDatabaseUpdater:84 - bioinfo.comaWebServer.jobManagement.PeriodicalDatabaseUpdater.run(PeriodicalDatabaseUpdater.java:64)
2010-04-14 18:05:29,287 ERROR periodicalDatabaseUpdater:84 - java.util.TimerThread.mainLoop(Timer.java:512)
2010-04-14 18:05:29,287 ERROR periodicalDatabaseUpdater:84 - java.util.TimerThread.run(Timer.java:462)
2010-04-14 18:15:29,392 ERROR periodicalDatabaseUpdater:84 - bioinfo.comaWebServer.dataManagement.transfer.LocalPBSDataManager.fileLastModified(LocalPBSDataManager.java:102)
2010-04-14 18:15:29,392 ERROR periodicalDatabaseUpdater:84 - bioinfo.comaWebServer.jobManagement.PeriodicalDatabaseUpdater.run(PeriodicalDatabaseUpdater.java:64)
2010-04-14 18:15:29,392 ERROR periodicalDatabaseUpdater:84 - java.util.TimerThread.mainLoop(Timer.java:512)
2010-04-14 18:15:29,393 ERROR periodicalDatabaseUpdater:84 - java.util.TimerThread.run(Timer.java:462)
2010-04-14 18:25:29,497 ERROR periodicalDatabaseUpdater:84 - bioinfo.comaWebServer.dataManagement.transfer.LocalPBSDataManager.fileLastModified(LocalPBSDataManager.java:102)
2010-04-14 18:25:29,497 ERROR periodicalDatabaseUpdater:84 - bioinfo.comaWebServer.jobManagement.PeriodicalDatabaseUpdater.run(PeriodicalDatabaseUpdater.java:64)
2010-04-14 18:25:29,497 ERROR periodicalDatabaseUpdater:84 - java.util.TimerThread.mainLoop(Timer.java:512)
2010-04-14 18:25:29,497 ERROR periodicalDatabaseUpdater:84 - java.util.TimerThread.run(Timer.java:462)
2010-04-14 18:35:29,602 ERROR periodicalDatabaseUpdater:84 - bioinfo.comaWebServer.dataManagement.transfer.LocalPBSDataManager.fileLastModified(LocalPBSDataManager.java:102)
2010-04-14 18:35:29,603 ERROR periodicalDatabaseUpdater:84 - bioinfo.comaWebServer.jobManagement.PeriodicalDatabaseUpdater.run(PeriodicalDatabaseUpdater.java:64)
2010-04-14 18:35:29,603 ERROR periodicalDatabaseUpdater:84 - java.util.TimerThread.mainLoop(Timer.java:512)
2010-04-14 18:35:29,603 ERROR periodicalDatabaseUpdater:84 - java.util.TimerThread.run(Timer.java:462)
2010-04-14 18:45:29,708 ERROR periodicalDatabaseUpdater:84 - bioinfo.comaWebServer.dataManagement.transfer.LocalPBSDataManager.fileLastModified(LocalPBSDataManager.java:102)
2010-04-14 18:45:29,708 ERROR periodicalDatabaseUpdater:84 - bioinfo.comaWebServer.jobManagement.PeriodicalDatabaseUpdater.run(PeriodicalDatabaseUpdater.java:64)
2010-04-14 18:45:29,708 ERROR periodicalDatabaseUpdater:84 - java.util.TimerThread.mainLoop(Timer.java:512)
2010-04-14 18:45:29,708 ERROR periodicalDatabaseUpdater:84 - java.util.TimerThread.run(Timer.java:462)
2010-04-14 18:55:29,812 ERROR periodicalDatabaseUpdater:84 - bioinfo.comaWebServer.dataManagement.transfer.LocalPBSDataManager.fileLastModified(LocalPBSDataManager.java:102)
2010-04-14 18:55:29,812 ERROR periodicalDatabaseUpdater:84 - bioinfo.comaWebServer.jobManagement.PeriodicalDatabaseUpdater.run(PeriodicalDatabaseUpdater.java:64)
2010-04-14 18:55:29,813 ERROR periodicalDatabaseUpdater:84 - java.util.TimerThread.mainLoop(Timer.java:512)
2010-04-14 18:55:29,813 ERROR periodicalDatabaseUpdater:84 - java.util.TimerThread.run(Timer.java:462)
2010-04-14 19:05:29,916 ERROR periodicalDatabaseUpdater:84 - bioinfo.comaWebServer.dataManagement.transfer.LocalPBSDataManager.fileLastModified(LocalPBSDataManager.java:102)
2010-04-14 19:05:29,917 ERROR periodicalDatabaseUpdater:84 - bioinfo.comaWebServer.jobManagement.PeriodicalDatabaseUpdater.run(PeriodicalDatabaseUpdater.java:64)
2010-04-14 19:05:29,917 ERROR periodicalDatabaseUpdater:84 - java.util.TimerThread.mainLoop(Timer.java:512)
2010-04-14 19:05:29,917 ERROR periodicalDatabaseUpdater:84 - java.util.TimerThread.run(Timer.java:462)
2010-04-14 19:15:30,021 ERROR periodicalDatabaseUpdater:84 - bioinfo.comaWebServer.dataManagement.transfer.LocalPBSDataManager.fileLastModified(LocalPBSDataManager.java:102)
2010-04-14 19:15:30,021 ERROR periodicalDatabaseUpdater:84 - bioinfo.comaWebServer.jobManagement.PeriodicalDatabaseUpdater.run(PeriodicalDatabaseUpdater.java:64)
2010-04-14 19:15:30,021 ERROR periodicalDatabaseUpdater:84 - java.util.TimerThread.mainLoop(Timer.java:512)
2010-04-14 19:15:30,021 ERROR periodicalDatabaseUpdater:84 - java.util.TimerThread.run(Timer.java:462)
2010-04-14 19:25:30,127 ERROR periodicalDatabaseUpdater:84 - bioinfo.comaWebServer.dataManagement.transfer.LocalPBSDataManager.fileLastModified(LocalPBSDataManager.java:102)
2010-04-14 19:25:30,127 ERROR periodicalDatabaseUpdater:84 - bioinfo.comaWebServer.jobManagement.PeriodicalDatabaseUpdater.run(PeriodicalDatabaseUpdater.java:64)
2010-04-14 19:25:30,127 ERROR periodicalDatabaseUpdater:84 - java.util.TimerThread.mainLoop(Timer.java:512)
2010-04-14 19:25:30,127 ERROR periodicalDatabaseUpdater:84 - java.util.TimerThread.run(Timer.java:462)
2010-04-14 19:35:30,231 ERROR periodicalDatabaseUpdater:84 - bioinfo.comaWebServer.dataManagement.transfer.LocalPBSDataManager.fileLastModified(LocalPBSDataManager.java:102)
2010-04-14 19:35:30,231 ERROR periodicalDatabaseUpdater:84 - bioinfo.comaWebServer.jobManagement.PeriodicalDatabaseUpdater.run(PeriodicalDatabaseUpdater.java:64)
2010-04-14 19:35:30,231 ERROR periodicalDatabaseUpdater:84 - java.util.TimerThread.mainLoop(Timer.java:512)
2010-04-14 19:35:30,231 ERROR periodicalDatabaseUpdater:84 - java.util.TimerThread.run(Timer.java:462)
2010-04-14 19:45:30,336 ERROR periodicalDatabaseUpdater:84 - bioinfo.comaWebServer.dataManagement.transfer.LocalPBSDataManager.fileLastModified(LocalPBSDataManager.java:102)
2010-04-14 19:45:30,336 ERROR periodicalDatabaseUpdater:84 - bioinfo.comaWebServer.jobManagement.PeriodicalDatabaseUpdater.run(PeriodicalDatabaseUpdater.java:64)
2010-04-14 19:45:30,336 ERROR periodicalDatabaseUpdater:84 - java.util.TimerThread.mainLoop(Timer.java:512)
2010-04-14 19:45:30,336 ERROR periodicalDatabaseUpdater:84 - java.util.TimerThread.run(Timer.java:462)
2010-04-14 19:55:30,440 ERROR periodicalDatabaseUpdater:84 - bioinfo.comaWebServer.dataManagement.transfer.LocalPBSDataManager.fileLastModified(LocalPBSDataManager.java:102)
2010-04-14 19:55:30,440 ERROR periodicalDatabaseUpdater:84 - bioinfo.comaWebServer.jobManagement.PeriodicalDatabaseUpdater.run(PeriodicalDatabaseUpdater.java:64)
2010-04-14 19:55:30,440 ERROR periodicalDatabaseUpdater:84 - java.util.TimerThread.mainLoop(Timer.java:512)
2010-04-14 19:55:30,440 ERROR periodicalDatabaseUpdater:84 - java.util.TimerThread.run(Timer.java:462)
2010-04-14 20:05:30,544 ERROR periodicalDatabaseUpdater:84 - bioinfo.comaWebServer.dataManagement.transfer.LocalPBSDataManager.fileLastModified(LocalPBSDataManager.java:102)
2010-04-14 20:05:30,545 ERROR periodicalDatabaseUpdater:84 - bioinfo.comaWebServer.jobManagement.PeriodicalDatabaseUpdater.run(PeriodicalDatabaseUpdater.java:64)
2010-04-14 20:05:30,545 ERROR periodicalDatabaseUpdater:84 - java.util.TimerThread.mainLoop(Timer.java:512)
2010-04-14 20:05:30,545 ERROR periodicalDatabaseUpdater:84 - java.util.TimerThread.run(Timer.java:462)
2010-04-14 20:15:30,649 ERROR periodicalDatabaseUpdater:84 - bioinfo.comaWebServer.dataManagement.transfer.LocalPBSDataManager.fileLastModified(LocalPBSDataManager.java:102)
2010-04-14 20:15:30,649 ERROR periodicalDatabaseUpdater:84 - bioinfo.comaWebServer.jobManagement.PeriodicalDatabaseUpdater.run(PeriodicalDatabaseUpdater.java:64)
2010-04-14 20:15:30,649 ERROR periodicalDatabaseUpdater:84 - java.util.TimerThread.mainLoop(Timer.java:512)
2010-04-14 20:15:30,649 ERROR periodicalDatabaseUpdater:84 - java.util.TimerThread.run(Timer.java:462)
2010-04-14 20:25:30,755 ERROR periodicalDatabaseUpdater:84 - bioinfo.comaWebServer.dataManagement.transfer.LocalPBSDataManager.fileLastModified(LocalPBSDataManager.java:102)
2010-04-14 20:25:30,755 ERROR periodicalDatabaseUpdater:84 - bioinfo.comaWebServer.jobManagement.PeriodicalDatabaseUpdater.run(PeriodicalDatabaseUpdater.java:64)
2010-04-14 20:25:30,755 ERROR periodicalDatabaseUpdater:84 - java.util.TimerThread.mainLoop(Timer.java:512)
2010-04-14 20:25:30,755 ERROR periodicalDatabaseUpdater:84 - java.util.TimerThread.run(Timer.java:462)
2010-04-14 20:35:30,860 ERROR periodicalDatabaseUpdater:84 - bioinfo.comaWebServer.dataManagement.transfer.LocalPBSDataManager.fileLastModified(LocalPBSDataManager.java:102)
2010-04-14 20:35:30,860 ERROR periodicalDatabaseUpdater:84 - bioinfo.comaWebServer.jobManagement.PeriodicalDatabaseUpdater.run(PeriodicalDatabaseUpdater.java:64)
2010-04-14 20:35:30,860 ERROR periodicalDatabaseUpdater:84 - java.util.TimerThread.mainLoop(Timer.java:512)
2010-04-14 20:35:30,860 ERROR periodicalDatabaseUpdater:84 - java.util.TimerThread.run(Timer.java:462)
2010-04-14 20:45:30,964 ERROR periodicalDatabaseUpdater:84 - bioinfo.comaWebServer.dataManagement.transfer.LocalPBSDataManager.fileLastModified(LocalPBSDataManager.java:102)
2010-04-14 20:45:30,964 ERROR periodicalDatabaseUpdater:84 - bioinfo.comaWebServer.jobManagement.PeriodicalDatabaseUpdater.run(PeriodicalDatabaseUpdater.java:64)
2010-04-14 20:45:30,964 ERROR periodicalDatabaseUpdater:84 - java.util.TimerThread.mainLoop(Timer.java:512)
2010-04-14 20:45:30,964 ERROR periodicalDatabaseUpdater:84 - java.util.TimerThread.run(Timer.java:462)
2010-04-14 20:55:31,068 ERROR periodicalDatabaseUpdater:84 - bioinfo.comaWebServer.dataManagement.transfer.LocalPBSDataManager.fileLastModified(LocalPBSDataManager.java:102)
2010-04-14 20:55:31,069 ERROR periodicalDatabaseUpdater:84 - bioinfo.comaWebServer.jobManagement.PeriodicalDatabaseUpdater.run(PeriodicalDatabaseUpdater.java:64)
2010-04-14 20:55:31,069 ERROR periodicalDatabaseUpdater:84 - java.util.TimerThread.mainLoop(Timer.java:512)
2010-04-14 20:55:31,069 ERROR periodicalDatabaseUpdater:84 - java.util.TimerThread.run(Timer.java:462)
2010-04-14 21:05:31,173 ERROR periodicalDatabaseUpdater:84 - bioinfo.comaWebServer.dataManagement.transfer.LocalPBSDataManager.fileLastModified(LocalPBSDataManager.java:102)
2010-04-14 21:05:31,173 ERROR periodicalDatabaseUpdater:84 - bioinfo.comaWebServer.jobManagement.PeriodicalDatabaseUpdater.run(PeriodicalDatabaseUpdater.java:64)
2010-04-14 21:05:31,173 ERROR periodicalDatabaseUpdater:84 - java.util.TimerThread.mainLoop(Timer.java:512)
2010-04-14 21:05:31,173 ERROR periodicalDatabaseUpdater:84 - java.util.TimerThread.run(Timer.java:462)
2010-04-14 21:15:31,276 ERROR periodicalDatabaseUpdater:84 - bioinfo.comaWebServer.dataManagement.transfer.LocalPBSDataManager.fileLastModified(LocalPBSDataManager.java:102)
2010-04-14 21:15:31,277 ERROR periodicalDatabaseUpdater:84 - bioinfo.comaWebServer.jobManagement.PeriodicalDatabaseUpdater.run(PeriodicalDatabaseUpdater.java:64)
2010-04-14 21:15:31,277 ERROR periodicalDatabaseUpdater:84 - java.util.TimerThread.mainLoop(Timer.java:512)
2010-04-14 21:15:31,277 ERROR periodicalDatabaseUpdater:84 - java.util.TimerThread.run(Timer.java:462)
2010-04-14 21:25:31,381 ERROR periodicalDatabaseUpdater:84 - bioinfo.comaWebServer.dataManagement.transfer.LocalPBSDataManager.fileLastModified(LocalPBSDataManager.java:102)
2010-04-14 21:25:31,381 ERROR periodicalDatabaseUpdater:84 - bioinfo.comaWebServer.jobManagement.PeriodicalDatabaseUpdater.run(PeriodicalDatabaseUpdater.java:64)
2010-04-14 21:25:31,381 ERROR periodicalDatabaseUpdater:84 - java.util.TimerThread.mainLoop(Timer.java:512)
2010-04-14 21:25:31,381 ERROR periodicalDatabaseUpdater:84 - java.util.TimerThread.run(Timer.java:462)
2010-04-14 21:35:31,487 ERROR periodicalDatabaseUpdater:84 - bioinfo.comaWebServer.dataManagement.transfer.LocalPBSDataManager.fileLastModified(LocalPBSDataManager.java:102)
2010-04-14 21:35:31,487 ERROR periodicalDatabaseUpdater:84 - bioinfo.comaWebServer.jobManagement.PeriodicalDatabaseUpdater.run(PeriodicalDatabaseUpdater.java:64)
2010-04-14 21:35:31,487 ERROR periodicalDatabaseUpdater:84 - java.util.TimerThread.mainLoop(Timer.java:512)
2010-04-14 21:35:31,487 ERROR periodicalDatabaseUpdater:84 - java.util.TimerThread.run(Timer.java:462)
2010-04-14 21:45:31,592 ERROR periodicalDatabaseUpdater:84 - bioinfo.comaWebServer.dataManagement.transfer.LocalPBSDataManager.fileLastModified(LocalPBSDataManager.java:102)
2010-04-14 21:45:31,593 ERROR periodicalDatabaseUpdater:84 - bioinfo.comaWebServer.jobManagement.PeriodicalDatabaseUpdater.run(PeriodicalDatabaseUpdater.java:64)
2010-04-14 21:45:31,593 ERROR periodicalDatabaseUpdater:84 - java.util.TimerThread.mainLoop(Timer.java:512)
2010-04-14 21:45:31,593 ERROR periodicalDatabaseUpdater:84 - java.util.TimerThread.run(Timer.java:462)
2010-04-14 21:55:31,697 ERROR periodicalDatabaseUpdater:84 - bioinfo.comaWebServer.dataManagement.transfer.LocalPBSDataManager.fileLastModified(LocalPBSDataManager.java:102)
2010-04-14 21:55:31,697 ERROR periodicalDatabaseUpdater:84 - bioinfo.comaWebServer.jobManagement.PeriodicalDatabaseUpdater.run(PeriodicalDatabaseUpdater.java:64)
2010-04-14 21:55:31,697 ERROR periodicalDatabaseUpdater:84 - java.util.TimerThread.mainLoop(Timer.java:512)
2010-04-14 21:55:31,698 ERROR periodicalDatabaseUpdater:84 - java.util.TimerThread.run(Timer.java:462)
2010-04-14 22:05:31,803 ERROR periodicalDatabaseUpdater:84 - bioinfo.comaWebServer.dataManagement.transfer.LocalPBSDataManager.fileLastModified(LocalPBSDataManager.java:102)
2010-04-14 22:05:31,803 ERROR periodicalDatabaseUpdater:84 - bioinfo.comaWebServer.jobManagement.PeriodicalDatabaseUpdater.run(PeriodicalDatabaseUpdater.java:64)
2010-04-14 22:05:31,803 ERROR periodicalDatabaseUpdater:84 - java.util.TimerThread.mainLoop(Timer.java:512)
2010-04-14 22:05:31,803 ERROR periodicalDatabaseUpdater:84 - java.util.TimerThread.run(Timer.java:462)
2010-04-14 22:15:31,908 ERROR periodicalDatabaseUpdater:84 - bioinfo.comaWebServer.dataManagement.transfer.LocalPBSDataManager.fileLastModified(LocalPBSDataManager.java:102)
2010-04-14 22:15:31,908 ERROR periodicalDatabaseUpdater:84 - bioinfo.comaWebServer.jobManagement.PeriodicalDatabaseUpdater.run(PeriodicalDatabaseUpdater.java:64)
2010-04-14 22:15:31,908 ERROR periodicalDatabaseUpdater:84 - java.util.TimerThread.mainLoop(Timer.java:512)
2010-04-14 22:15:31,908 ERROR periodicalDatabaseUpdater:84 - java.util.TimerThread.run(Timer.java:462)
2010-04-14 22:25:32,013 ERROR periodicalDatabaseUpdater:84 - bioinfo.comaWebServer.dataManagement.transfer.LocalPBSDataManager.fileLastModified(LocalPBSDataManager.java:102)
2010-04-14 22:25:32,013 ERROR periodicalDatabaseUpdater:84 - bioinfo.comaWebServer.jobManagement.PeriodicalDatabaseUpdater.run(PeriodicalDatabaseUpdater.java:64)
2010-04-14 22:25:32,013 ERROR periodicalDatabaseUpdater:84 - java.util.TimerThread.mainLoop(Timer.java:512)
2010-04-14 22:25:32,013 ERROR periodicalDatabaseUpdater:84 - java.util.TimerThread.run(Timer.java:462)
2010-04-14 22:35:32,117 ERROR periodicalDatabaseUpdater:84 - bioinfo.comaWebServer.dataManagement.transfer.LocalPBSDataManager.fileLastModified(LocalPBSDataManager.java:102)
2010-04-14 22:35:32,117 ERROR periodicalDatabaseUpdater:84 - bioinfo.comaWebServer.jobManagement.PeriodicalDatabaseUpdater.run(PeriodicalDatabaseUpdater.java:64)
2010-04-14 22:35:32,118 ERROR periodicalDatabaseUpdater:84 - java.util.TimerThread.mainLoop(Timer.java:512)
2010-04-14 22:35:32,118 ERROR periodicalDatabaseUpdater:84 - java.util.TimerThread.run(Timer.java:462)
2010-04-14 22:45:32,221 ERROR periodicalDatabaseUpdater:84 - bioinfo.comaWebServer.dataManagement.transfer.LocalPBSDataManager.fileLastModified(LocalPBSDataManager.java:102)
2010-04-14 22:45:32,222 ERROR periodicalDatabaseUpdater:84 - bioinfo.comaWebServer.jobManagement.PeriodicalDatabaseUpdater.run(PeriodicalDatabaseUpdater.java:64)
2010-04-14 22:45:32,222 ERROR periodicalDatabaseUpdater:84 - java.util.TimerThread.mainLoop(Timer.java:512)
2010-04-14 22:45:32,222 ERROR periodicalDatabaseUpdater:84 - java.util.TimerThread.run(Timer.java:462)
2010-04-14 22:55:32,326 ERROR periodicalDatabaseUpdater:84 - bioinfo.comaWebServer.dataManagement.transfer.LocalPBSDataManager.fileLastModified(LocalPBSDataManager.java:102)
2010-04-14 22:55:32,326 ERROR periodicalDatabaseUpdater:84 - bioinfo.comaWebServer.jobManagement.PeriodicalDatabaseUpdater.run(PeriodicalDatabaseUpdater.java:64)
2010-04-14 22:55:32,326 ERROR periodicalDatabaseUpdater:84 - java.util.TimerThread.mainLoop(Timer.java:512)
2010-04-14 22:55:32,326 ERROR periodicalDatabaseUpdater:84 - java.util.TimerThread.run(Timer.java:462)
2010-04-14 23:05:32,431 ERROR periodicalDatabaseUpdater:84 - bioinfo.comaWebServer.dataManagement.transfer.LocalPBSDataManager.fileLastModified(LocalPBSDataManager.java:102)
2010-04-14 23:05:32,431 ERROR periodicalDatabaseUpdater:84 - bioinfo.comaWebServer.jobManagement.PeriodicalDatabaseUpdater.run(PeriodicalDatabaseUpdater.java:64)
2010-04-14 23:05:32,431 ERROR periodicalDatabaseUpdater:84 - java.util.TimerThread.mainLoop(Timer.java:512)
2010-04-14 23:05:32,431 ERROR periodicalDatabaseUpdater:84 - java.util.TimerThread.run(Timer.java:462)
2010-04-14 23:15:32,536 ERROR periodicalDatabaseUpdater:84 - bioinfo.comaWebServer.dataManagement.transfer.LocalPBSDataManager.fileLastModified(LocalPBSDataManager.java:102)
2010-04-14 23:15:32,536 ERROR periodicalDatabaseUpdater:84 - bioinfo.comaWebServer.jobManagement.PeriodicalDatabaseUpdater.run(PeriodicalDatabaseUpdater.java:64)
2010-04-14 23:15:32,536 ERROR periodicalDatabaseUpdater:84 - java.util.TimerThread.mainLoop(Timer.java:512)
2010-04-14 23:15:32,537 ERROR periodicalDatabaseUpdater:84 - java.util.TimerThread.run(Timer.java:462)
2010-04-14 23:25:32,641 ERROR periodicalDatabaseUpdater:84 - bioinfo.comaWebServer.dataManagement.transfer.LocalPBSDataManager.fileLastModified(LocalPBSDataManager.java:102)
2010-04-14 23:25:32,642 ERROR periodicalDatabaseUpdater:84 - bioinfo.comaWebServer.jobManagement.PeriodicalDatabaseUpdater.run(PeriodicalDatabaseUpdater.java:64)
2010-04-14 23:25:32,642 ERROR periodicalDatabaseUpdater:84 - java.util.TimerThread.mainLoop(Timer.java:512)
2010-04-14 23:25:32,642 ERROR periodicalDatabaseUpdater:84 - java.util.TimerThread.run(Timer.java:462)
2010-04-14 23:35:32,746 ERROR periodicalDatabaseUpdater:84 - bioinfo.comaWebServer.dataManagement.transfer.LocalPBSDataManager.fileLastModified(LocalPBSDataManager.java:102)
2010-04-14 23:35:32,746 ERROR periodicalDatabaseUpdater:84 - bioinfo.comaWebServer.jobManagement.PeriodicalDatabaseUpdater.run(PeriodicalDatabaseUpdater.java:64)
2010-04-14 23:35:32,746 ERROR periodicalDatabaseUpdater:84 - java.util.TimerThread.mainLoop(Timer.java:512)
2010-04-14 23:35:32,746 ERROR periodicalDatabaseUpdater:84 - java.util.TimerThread.run(Timer.java:462)
2010-04-14 23:45:32,850 ERROR periodicalDatabaseUpdater:84 - bioinfo.comaWebServer.dataManagement.transfer.LocalPBSDataManager.fileLastModified(LocalPBSDataManager.java:102)
2010-04-14 23:45:32,851 ERROR periodicalDatabaseUpdater:84 - bioinfo.comaWebServer.jobManagement.PeriodicalDatabaseUpdater.run(PeriodicalDatabaseUpdater.java:64)
2010-04-14 23:45:32,851 ERROR periodicalDatabaseUpdater:84 - java.util.TimerThread.mainLoop(Timer.java:512)
2010-04-14 23:45:32,851 ERROR periodicalDatabaseUpdater:84 - java.util.TimerThread.run(Timer.java:462)
2010-04-14 23:55:32,955 ERROR periodicalDatabaseUpdater:84 - bioinfo.comaWebServer.dataManagement.transfer.LocalPBSDataManager.fileLastModified(LocalPBSDataManager.java:102)
2010-04-14 23:55:32,955 ERROR periodicalDatabaseUpdater:84 - bioinfo.comaWebServer.jobManagement.PeriodicalDatabaseUpdater.run(PeriodicalDatabaseUpdater.java:64)
2010-04-14 23:55:32,955 ERROR periodicalDatabaseUpdater:84 - java.util.TimerThread.mainLoop(Timer.java:512)
2010-04-14 23:55:32,956 ERROR periodicalDatabaseUpdater:84 - java.util.TimerThread.run(Timer.java:462)
2010-04-15 00:05:33,060 ERROR periodicalDatabaseUpdater:84 - bioinfo.comaWebServer.dataManagement.transfer.LocalPBSDataManager.fileLastModified(LocalPBSDataManager.java:102)
2010-04-15 00:05:33,060 ERROR periodicalDatabaseUpdater:84 - bioinfo.comaWebServer.jobManagement.PeriodicalDatabaseUpdater.run(PeriodicalDatabaseUpdater.java:64)
2010-04-15 00:05:33,060 ERROR periodicalDatabaseUpdater:84 - java.util.TimerThread.mainLoop(Timer.java:512)
2010-04-15 00:05:33,060 ERROR periodicalDatabaseUpdater:84 - java.util.TimerThread.run(Timer.java:462)
2010-04-15 00:15:33,165 ERROR periodicalDatabaseUpdater:84 - bioinfo.comaWebServer.dataManagement.transfer.LocalPBSDataManager.fileLastModified(LocalPBSDataManager.java:102)
2010-04-15 00:15:33,165 ERROR periodicalDatabaseUpdater:84 - bioinfo.comaWebServer.jobManagement.PeriodicalDatabaseUpdater.run(PeriodicalDatabaseUpdater.java:64)
2010-04-15 00:15:33,165 ERROR periodicalDatabaseUpdater:84 - java.util.TimerThread.mainLoop(Timer.java:512)
2010-04-15 00:15:33,165 ERROR periodicalDatabaseUpdater:84 - java.util.TimerThread.run(Timer.java:462)
2010-04-15 00:25:33,269 ERROR periodicalDatabaseUpdater:84 - bioinfo.comaWebServer.dataManagement.transfer.LocalPBSDataManager.fileLastModified(LocalPBSDataManager.java:102)
2010-04-15 00:25:33,269 ERROR periodicalDatabaseUpdater:84 - bioinfo.comaWebServer.jobManagement.PeriodicalDatabaseUpdater.run(PeriodicalDatabaseUpdater.java:64)
2010-04-15 00:25:33,269 ERROR periodicalDatabaseUpdater:84 - java.util.TimerThread.mainLoop(Timer.java:512)
2010-04-15 00:25:33,269 ERROR periodicalDatabaseUpdater:84 - java.util.TimerThread.run(Timer.java:462)
2010-04-15 00:35:33,374 ERROR periodicalDatabaseUpdater:84 - bioinfo.comaWebServer.dataManagement.transfer.LocalPBSDataManager.fileLastModified(LocalPBSDataManager.java:102)
2010-04-15 00:35:33,374 ERROR periodicalDatabaseUpdater:84 - bioinfo.comaWebServer.jobManagement.PeriodicalDatabaseUpdater.run(PeriodicalDatabaseUpdater.java:64)
2010-04-15 00:35:33,374 ERROR periodicalDatabaseUpdater:84 - java.util.TimerThread.mainLoop(Timer.java:512)
2010-04-15 00:35:33,374 ERROR periodicalDatabaseUpdater:84 - java.util.TimerThread.run(Timer.java:462)
2010-04-15 00:45:33,479 ERROR periodicalDatabaseUpdater:84 - bioinfo.comaWebServer.dataManagement.transfer.LocalPBSDataManager.fileLastModified(LocalPBSDataManager.java:102)
2010-04-15 00:45:33,479 ERROR periodicalDatabaseUpdater:84 - bioinfo.comaWebServer.jobManagement.PeriodicalDatabaseUpdater.run(PeriodicalDatabaseUpdater.java:64)
2010-04-15 00:45:33,480 ERROR periodicalDatabaseUpdater:84 - java.util.TimerThread.mainLoop(Timer.java:512)
2010-04-15 00:45:33,480 ERROR periodicalDatabaseUpdater:84 - java.util.TimerThread.run(Timer.java:462)
2010-04-15 00:55:33,583 ERROR periodicalDatabaseUpdater:84 - bioinfo.comaWebServer.dataManagement.transfer.LocalPBSDataManager.fileLastModified(LocalPBSDataManager.java:102)
2010-04-15 00:55:33,583 ERROR periodicalDatabaseUpdater:84 - bioinfo.comaWebServer.jobManagement.PeriodicalDatabaseUpdater.run(PeriodicalDatabaseUpdater.java:64)
2010-04-15 00:55:33,583 ERROR periodicalDatabaseUpdater:84 - java.util.TimerThread.mainLoop(Timer.java:512)
2010-04-15 00:55:33,583 ERROR periodicalDatabaseUpdater:84 - java.util.TimerThread.run(Timer.java:462)
2010-04-15 01:05:33,687 ERROR periodicalDatabaseUpdater:84 - bioinfo.comaWebServer.dataManagement.transfer.LocalPBSDataManager.fileLastModified(LocalPBSDataManager.java:102)
2010-04-15 01:05:33,688 ERROR periodicalDatabaseUpdater:84 - bioinfo.comaWebServer.jobManagement.PeriodicalDatabaseUpdater.run(PeriodicalDatabaseUpdater.java:64)
2010-04-15 01:05:33,688 ERROR periodicalDatabaseUpdater:84 - java.util.TimerThread.mainLoop(Timer.java:512)
2010-04-15 01:05:33,688 ERROR periodicalDatabaseUpdater:84 - java.util.TimerThread.run(Timer.java:462)
2010-04-15 01:15:33,792 ERROR periodicalDatabaseUpdater:84 - bioinfo.comaWebServer.dataManagement.transfer.LocalPBSDataManager.fileLastModified(LocalPBSDataManager.java:102)
2010-04-15 01:15:33,792 ERROR periodicalDatabaseUpdater:84 - bioinfo.comaWebServer.jobManagement.PeriodicalDatabaseUpdater.run(PeriodicalDatabaseUpdater.java:64)
2010-04-15 01:15:33,792 ERROR periodicalDatabaseUpdater:84 - java.util.TimerThread.mainLoop(Timer.java:512)
2010-04-15 01:15:33,792 ERROR periodicalDatabaseUpdater:84 - java.util.TimerThread.run(Timer.java:462)
2010-04-15 01:25:33,896 ERROR periodicalDatabaseUpdater:84 - bioinfo.comaWebServer.dataManagement.transfer.LocalPBSDataManager.fileLastModified(LocalPBSDataManager.java:102)
2010-04-15 01:25:33,897 ERROR periodicalDatabaseUpdater:84 - bioinfo.comaWebServer.jobManagement.PeriodicalDatabaseUpdater.run(PeriodicalDatabaseUpdater.java:64)
2010-04-15 01:25:33,897 ERROR periodicalDatabaseUpdater:84 - java.util.TimerThread.mainLoop(Timer.java:512)
2010-04-15 01:25:33,897 ERROR periodicalDatabaseUpdater:84 - java.util.TimerThread.run(Timer.java:462)
2010-04-15 01:35:34,000 ERROR periodicalDatabaseUpdater:84 - bioinfo.comaWebServer.dataManagement.transfer.LocalPBSDataManager.fileLastModified(LocalPBSDataManager.java:102)
2010-04-15 01:35:34,001 ERROR periodicalDatabaseUpdater:84 - bioinfo.comaWebServer.jobManagement.PeriodicalDatabaseUpdater.run(PeriodicalDatabaseUpdater.java:64)
2010-04-15 01:35:34,001 ERROR periodicalDatabaseUpdater:84 - java.util.TimerThread.mainLoop(Timer.java:512)
2010-04-15 01:35:34,001 ERROR periodicalDatabaseUpdater:84 - java.util.TimerThread.run(Timer.java:462)
2010-04-15 01:45:34,105 ERROR periodicalDatabaseUpdater:84 - bioinfo.comaWebServer.dataManagement.transfer.LocalPBSDataManager.fileLastModified(LocalPBSDataManager.java:102)
2010-04-15 01:45:34,105 ERROR periodicalDatabaseUpdater:84 - bioinfo.comaWebServer.jobManagement.PeriodicalDatabaseUpdater.run(PeriodicalDatabaseUpdater.java:64)
2010-04-15 01:45:34,105 ERROR periodicalDatabaseUpdater:84 - java.util.TimerThread.mainLoop(Timer.java:512)
2010-04-15 01:45:34,105 ERROR periodicalDatabaseUpdater:84 - java.util.TimerThread.run(Timer.java:462)
2010-04-15 01:55:34,208 ERROR periodicalDatabaseUpdater:84 - bioinfo.comaWebServer.dataManagement.transfer.LocalPBSDataManager.fileLastModified(LocalPBSDataManager.java:102)
2010-04-15 01:55:34,209 ERROR periodicalDatabaseUpdater:84 - bioinfo.comaWebServer.jobManagement.PeriodicalDatabaseUpdater.run(PeriodicalDatabaseUpdater.java:64)
2010-04-15 01:55:34,209 ERROR periodicalDatabaseUpdater:84 - java.util.TimerThread.mainLoop(Timer.java:512)
2010-04-15 01:55:34,209 ERROR periodicalDatabaseUpdater:84 - java.util.TimerThread.run(Timer.java:462)
2010-04-15 02:05:34,311 ERROR periodicalDatabaseUpdater:84 - bioinfo.comaWebServer.dataManagement.transfer.LocalPBSDataManager.fileLastModified(LocalPBSDataManager.java:102)
2010-04-15 02:05:34,312 ERROR periodicalDatabaseUpdater:84 - bioinfo.comaWebServer.jobManagement.PeriodicalDatabaseUpdater.run(PeriodicalDatabaseUpdater.java:64)
2010-04-15 02:05:34,312 ERROR periodicalDatabaseUpdater:84 - java.util.TimerThread.mainLoop(Timer.java:512)
2010-04-15 02:05:34,312 ERROR periodicalDatabaseUpdater:84 - java.util.TimerThread.run(Timer.java:462)
2010-04-15 02:15:34,415 ERROR periodicalDatabaseUpdater:84 - bioinfo.comaWebServer.dataManagement.transfer.LocalPBSDataManager.fileLastModified(LocalPBSDataManager.java:102)
2010-04-15 02:15:34,415 ERROR periodicalDatabaseUpdater:84 - bioinfo.comaWebServer.jobManagement.PeriodicalDatabaseUpdater.run(PeriodicalDatabaseUpdater.java:64)
2010-04-15 02:15:34,415 ERROR periodicalDatabaseUpdater:84 - java.util.TimerThread.mainLoop(Timer.java:512)
2010-04-15 02:15:34,416 ERROR periodicalDatabaseUpdater:84 - java.util.TimerThread.run(Timer.java:462)
2010-04-15 02:25:34,530 ERROR periodicalDatabaseUpdater:84 - bioinfo.comaWebServer.dataManagement.transfer.LocalPBSDataManager.fileLastModified(LocalPBSDataManager.java:102)
2010-04-15 02:25:34,531 ERROR periodicalDatabaseUpdater:84 - bioinfo.comaWebServer.jobManagement.PeriodicalDatabaseUpdater.run(PeriodicalDatabaseUpdater.java:64)
2010-04-15 02:25:34,531 ERROR periodicalDatabaseUpdater:84 - java.util.TimerThread.mainLoop(Timer.java:512)
2010-04-15 02:25:34,531 ERROR periodicalDatabaseUpdater:84 - java.util.TimerThread.run(Timer.java:462)
2010-04-15 02:35:34,635 ERROR periodicalDatabaseUpdater:84 - bioinfo.comaWebServer.dataManagement.transfer.LocalPBSDataManager.fileLastModified(LocalPBSDataManager.java:102)
2010-04-15 02:35:34,635 ERROR periodicalDatabaseUpdater:84 - bioinfo.comaWebServer.jobManagement.PeriodicalDatabaseUpdater.run(PeriodicalDatabaseUpdater.java:64)
2010-04-15 02:35:34,635 ERROR periodicalDatabaseUpdater:84 - java.util.TimerThread.mainLoop(Timer.java:512)
2010-04-15 02:35:34,635 ERROR periodicalDatabaseUpdater:84 - java.util.TimerThread.run(Timer.java:462)
2010-04-15 02:45:34,739 ERROR periodicalDatabaseUpdater:84 - bioinfo.comaWebServer.dataManagement.transfer.LocalPBSDataManager.fileLastModified(LocalPBSDataManager.java:102)
2010-04-15 02:45:34,739 ERROR periodicalDatabaseUpdater:84 - bioinfo.comaWebServer.jobManagement.PeriodicalDatabaseUpdater.run(PeriodicalDatabaseUpdater.java:64)
2010-04-15 02:45:34,739 ERROR periodicalDatabaseUpdater:84 - java.util.TimerThread.mainLoop(Timer.java:512)
2010-04-15 02:45:34,739 ERROR periodicalDatabaseUpdater:84 - java.util.TimerThread.run(Timer.java:462)
2010-04-15 02:55:34,843 ERROR periodicalDatabaseUpdater:84 - bioinfo.comaWebServer.dataManagement.transfer.LocalPBSDataManager.fileLastModified(LocalPBSDataManager.java:102)
2010-04-15 02:55:34,843 ERROR periodicalDatabaseUpdater:84 - bioinfo.comaWebServer.jobManagement.PeriodicalDatabaseUpdater.run(PeriodicalDatabaseUpdater.java:64)
2010-04-15 02:55:34,843 ERROR periodicalDatabaseUpdater:84 - java.util.TimerThread.mainLoop(Timer.java:512)
2010-04-15 02:55:34,843 ERROR periodicalDatabaseUpdater:84 - java.util.TimerThread.run(Timer.java:462)
2010-04-15 03:05:34,946 ERROR periodicalDatabaseUpdater:84 - bioinfo.comaWebServer.dataManagement.transfer.LocalPBSDataManager.fileLastModified(LocalPBSDataManager.java:102)
2010-04-15 03:05:34,947 ERROR periodicalDatabaseUpdater:84 - bioinfo.comaWebServer.jobManagement.PeriodicalDatabaseUpdater.run(PeriodicalDatabaseUpdater.java:64)
2010-04-15 03:05:34,947 ERROR periodicalDatabaseUpdater:84 - java.util.TimerThread.mainLoop(Timer.java:512)
2010-04-15 03:05:34,947 ERROR periodicalDatabaseUpdater:84 - java.util.TimerThread.run(Timer.java:462)
2010-04-15 03:15:35,051 ERROR periodicalDatabaseUpdater:84 - bioinfo.comaWebServer.dataManagement.transfer.LocalPBSDataManager.fileLastModified(LocalPBSDataManager.java:102)
2010-04-15 03:15:35,051 ERROR periodicalDatabaseUpdater:84 - bioinfo.comaWebServer.jobManagement.PeriodicalDatabaseUpdater.run(PeriodicalDatabaseUpdater.java:64)
2010-04-15 03:15:35,051 ERROR periodicalDatabaseUpdater:84 - java.util.TimerThread.mainLoop(Timer.java:512)
2010-04-15 03:15:35,051 ERROR periodicalDatabaseUpdater:84 - java.util.TimerThread.run(Timer.java:462)
2010-04-15 03:25:35,156 ERROR periodicalDatabaseUpdater:84 - bioinfo.comaWebServer.dataManagement.transfer.LocalPBSDataManager.fileLastModified(LocalPBSDataManager.java:102)
2010-04-15 03:25:35,157 ERROR periodicalDatabaseUpdater:84 - bioinfo.comaWebServer.jobManagement.PeriodicalDatabaseUpdater.run(PeriodicalDatabaseUpdater.java:64)
2010-04-15 03:25:35,157 ERROR periodicalDatabaseUpdater:84 - java.util.TimerThread.mainLoop(Timer.java:512)
2010-04-15 03:25:35,157 ERROR periodicalDatabaseUpdater:84 - java.util.TimerThread.run(Timer.java:462)
2010-04-15 03:35:35,261 ERROR periodicalDatabaseUpdater:84 - bioinfo.comaWebServer.dataManagement.transfer.LocalPBSDataManager.fileLastModified(LocalPBSDataManager.java:102)
2010-04-15 03:35:35,262 ERROR periodicalDatabaseUpdater:84 - bioinfo.comaWebServer.jobManagement.PeriodicalDatabaseUpdater.run(PeriodicalDatabaseUpdater.java:64)
2010-04-15 03:35:35,262 ERROR periodicalDatabaseUpdater:84 - java.util.TimerThread.mainLoop(Timer.java:512)
2010-04-15 03:35:35,262 ERROR periodicalDatabaseUpdater:84 - java.util.TimerThread.run(Timer.java:462)
2010-04-15 03:45:35,366 ERROR periodicalDatabaseUpdater:84 - bioinfo.comaWebServer.dataManagement.transfer.LocalPBSDataManager.fileLastModified(LocalPBSDataManager.java:102)
2010-04-15 03:45:35,367 ERROR periodicalDatabaseUpdater:84 - bioinfo.comaWebServer.jobManagement.PeriodicalDatabaseUpdater.run(PeriodicalDatabaseUpdater.java:64)
2010-04-15 03:45:35,367 ERROR periodicalDatabaseUpdater:84 - java.util.TimerThread.mainLoop(Timer.java:512)
2010-04-15 03:45:35,367 ERROR periodicalDatabaseUpdater:84 - java.util.TimerThread.run(Timer.java:462)
2010-04-15 03:55:35,470 ERROR periodicalDatabaseUpdater:84 - bioinfo.comaWebServer.dataManagement.transfer.LocalPBSDataManager.fileLastModified(LocalPBSDataManager.java:102)
2010-04-15 03:55:35,470 ERROR periodicalDatabaseUpdater:84 - bioinfo.comaWebServer.jobManagement.PeriodicalDatabaseUpdater.run(PeriodicalDatabaseUpdater.java:64)
2010-04-15 03:55:35,470 ERROR periodicalDatabaseUpdater:84 - java.util.TimerThread.mainLoop(Timer.java:512)
2010-04-15 03:55:35,470 ERROR periodicalDatabaseUpdater:84 - java.util.TimerThread.run(Timer.java:462)
2010-04-15 04:05:35,574 ERROR periodicalDatabaseUpdater:84 - bioinfo.comaWebServer.dataManagement.transfer.LocalPBSDataManager.fileLastModified(LocalPBSDataManager.java:102)
2010-04-15 04:05:35,574 ERROR periodicalDatabaseUpdater:84 - bioinfo.comaWebServer.jobManagement.PeriodicalDatabaseUpdater.run(PeriodicalDatabaseUpdater.java:64)
2010-04-15 04:05:35,574 ERROR periodicalDatabaseUpdater:84 - java.util.TimerThread.mainLoop(Timer.java:512)
2010-04-15 04:05:35,575 ERROR periodicalDatabaseUpdater:84 - java.util.TimerThread.run(Timer.java:462)
2010-04-15 04:15:35,679 ERROR periodicalDatabaseUpdater:84 - bioinfo.comaWebServer.dataManagement.transfer.LocalPBSDataManager.fileLastModified(LocalPBSDataManager.java:102)
2010-04-15 04:15:35,679 ERROR periodicalDatabaseUpdater:84 - bioinfo.comaWebServer.jobManagement.PeriodicalDatabaseUpdater.run(PeriodicalDatabaseUpdater.java:64)
2010-04-15 04:15:35,679 ERROR periodicalDatabaseUpdater:84 - java.util.TimerThread.mainLoop(Timer.java:512)
2010-04-15 04:15:35,679 ERROR periodicalDatabaseUpdater:84 - java.util.TimerThread.run(Timer.java:462)
2010-04-15 04:25:35,783 ERROR periodicalDatabaseUpdater:84 - bioinfo.comaWebServer.dataManagement.transfer.LocalPBSDataManager.fileLastModified(LocalPBSDataManager.java:102)
2010-04-15 04:25:35,783 ERROR periodicalDatabaseUpdater:84 - bioinfo.comaWebServer.jobManagement.PeriodicalDatabaseUpdater.run(PeriodicalDatabaseUpdater.java:64)
2010-04-15 04:25:35,783 ERROR periodicalDatabaseUpdater:84 - java.util.TimerThread.mainLoop(Timer.java:512)
2010-04-15 04:25:35,783 ERROR periodicalDatabaseUpdater:84 - java.util.TimerThread.run(Timer.java:462)
2010-04-15 04:35:35,888 ERROR periodicalDatabaseUpdater:84 - bioinfo.comaWebServer.dataManagement.transfer.LocalPBSDataManager.fileLastModified(LocalPBSDataManager.java:102)
2010-04-15 04:35:35,888 ERROR periodicalDatabaseUpdater:84 - bioinfo.comaWebServer.jobManagement.PeriodicalDatabaseUpdater.run(PeriodicalDatabaseUpdater.java:64)
2010-04-15 04:35:35,888 ERROR periodicalDatabaseUpdater:84 - java.util.TimerThread.mainLoop(Timer.java:512)
2010-04-15 04:35:35,888 ERROR periodicalDatabaseUpdater:84 - java.util.TimerThread.run(Timer.java:462)
2010-04-15 04:45:35,992 ERROR periodicalDatabaseUpdater:84 - bioinfo.comaWebServer.dataManagement.transfer.LocalPBSDataManager.fileLastModified(LocalPBSDataManager.java:102)
2010-04-15 04:45:35,992 ERROR periodicalDatabaseUpdater:84 - bioinfo.comaWebServer.jobManagement.PeriodicalDatabaseUpdater.run(PeriodicalDatabaseUpdater.java:64)
2010-04-15 04:45:35,992 ERROR periodicalDatabaseUpdater:84 - java.util.TimerThread.mainLoop(Timer.java:512)
2010-04-15 04:45:35,992 ERROR periodicalDatabaseUpdater:84 - java.util.TimerThread.run(Timer.java:462)
2010-04-15 04:55:36,097 ERROR periodicalDatabaseUpdater:84 - bioinfo.comaWebServer.dataManagement.transfer.LocalPBSDataManager.fileLastModified(LocalPBSDataManager.java:102)
2010-04-15 04:55:36,097 ERROR periodicalDatabaseUpdater:84 - bioinfo.comaWebServer.jobManagement.PeriodicalDatabaseUpdater.run(PeriodicalDatabaseUpdater.java:64)
2010-04-15 04:55:36,097 ERROR periodicalDatabaseUpdater:84 - java.util.TimerThread.mainLoop(Timer.java:512)
2010-04-15 04:55:36,097 ERROR periodicalDatabaseUpdater:84 - java.util.TimerThread.run(Timer.java:462)
2010-04-15 05:05:36,201 ERROR periodicalDatabaseUpdater:84 - bioinfo.comaWebServer.dataManagement.transfer.LocalPBSDataManager.fileLastModified(LocalPBSDataManager.java:102)
2010-04-15 05:05:36,202 ERROR periodicalDatabaseUpdater:84 - bioinfo.comaWebServer.jobManagement.PeriodicalDatabaseUpdater.run(PeriodicalDatabaseUpdater.java:64)
2010-04-15 05:05:36,202 ERROR periodicalDatabaseUpdater:84 - java.util.TimerThread.mainLoop(Timer.java:512)
2010-04-15 05:05:36,202 ERROR periodicalDatabaseUpdater:84 - java.util.TimerThread.run(Timer.java:462)
2010-04-15 05:15:36,306 ERROR periodicalDatabaseUpdater:84 - bioinfo.comaWebServer.dataManagement.transfer.LocalPBSDataManager.fileLastModified(LocalPBSDataManager.java:102)
2010-04-15 05:15:36,306 ERROR periodicalDatabaseUpdater:84 - bioinfo.comaWebServer.jobManagement.PeriodicalDatabaseUpdater.run(PeriodicalDatabaseUpdater.java:64)
2010-04-15 05:15:36,307 ERROR periodicalDatabaseUpdater:84 - java.util.TimerThread.mainLoop(Timer.java:512)
2010-04-15 05:15:36,307 ERROR periodicalDatabaseUpdater:84 - java.util.TimerThread.run(Timer.java:462)
2010-04-15 05:25:36,411 ERROR periodicalDatabaseUpdater:84 - bioinfo.comaWebServer.dataManagement.transfer.LocalPBSDataManager.fileLastModified(LocalPBSDataManager.java:102)
2010-04-15 05:25:36,411 ERROR periodicalDatabaseUpdater:84 - bioinfo.comaWebServer.jobManagement.PeriodicalDatabaseUpdater.run(PeriodicalDatabaseUpdater.java:64)
2010-04-15 05:25:36,411 ERROR periodicalDatabaseUpdater:84 - java.util.TimerThread.mainLoop(Timer.java:512)
2010-04-15 05:25:36,411 ERROR periodicalDatabaseUpdater:84 - java.util.TimerThread.run(Timer.java:462)
2010-04-15 05:35:36,513 ERROR periodicalDatabaseUpdater:84 - bioinfo.comaWebServer.dataManagement.transfer.LocalPBSDataManager.fileLastModified(LocalPBSDataManager.java:102)
2010-04-15 05:35:36,513 ERROR periodicalDatabaseUpdater:84 - bioinfo.comaWebServer.jobManagement.PeriodicalDatabaseUpdater.run(PeriodicalDatabaseUpdater.java:64)
2010-04-15 05:35:36,514 ERROR periodicalDatabaseUpdater:84 - java.util.TimerThread.mainLoop(Timer.java:512)
2010-04-15 05:35:36,514 ERROR periodicalDatabaseUpdater:84 - java.util.TimerThread.run(Timer.java:462)
2010-04-15 05:45:36,618 ERROR periodicalDatabaseUpdater:84 - bioinfo.comaWebServer.dataManagement.transfer.LocalPBSDataManager.fileLastModified(LocalPBSDataManager.java:102)
2010-04-15 05:45:36,618 ERROR periodicalDatabaseUpdater:84 - bioinfo.comaWebServer.jobManagement.PeriodicalDatabaseUpdater.run(PeriodicalDatabaseUpdater.java:64)
2010-04-15 05:45:36,619 ERROR periodicalDatabaseUpdater:84 - java.util.TimerThread.mainLoop(Timer.java:512)
2010-04-15 05:45:36,619 ERROR periodicalDatabaseUpdater:84 - java.util.TimerThread.run(Timer.java:462)
2010-04-15 05:55:36,723 ERROR periodicalDatabaseUpdater:84 - bioinfo.comaWebServer.dataManagement.transfer.LocalPBSDataManager.fileLastModified(LocalPBSDataManager.java:102)
2010-04-15 05:55:36,723 ERROR periodicalDatabaseUpdater:84 - bioinfo.comaWebServer.jobManagement.PeriodicalDatabaseUpdater.run(PeriodicalDatabaseUpdater.java:64)
2010-04-15 05:55:36,724 ERROR periodicalDatabaseUpdater:84 - java.util.TimerThread.mainLoop(Timer.java:512)
2010-04-15 05:55:36,724 ERROR periodicalDatabaseUpdater:84 - java.util.TimerThread.run(Timer.java:462)
2010-04-15 06:05:36,827 ERROR periodicalDatabaseUpdater:84 - bioinfo.comaWebServer.dataManagement.transfer.LocalPBSDataManager.fileLastModified(LocalPBSDataManager.java:102)
2010-04-15 06:05:36,828 ERROR periodicalDatabaseUpdater:84 - bioinfo.comaWebServer.jobManagement.PeriodicalDatabaseUpdater.run(PeriodicalDatabaseUpdater.java:64)
2010-04-15 06:05:36,828 ERROR periodicalDatabaseUpdater:84 - java.util.TimerThread.mainLoop(Timer.java:512)
2010-04-15 06:05:36,828 ERROR periodicalDatabaseUpdater:84 - java.util.TimerThread.run(Timer.java:462)
2010-04-15 06:15:36,933 ERROR periodicalDatabaseUpdater:84 - bioinfo.comaWebServer.dataManagement.transfer.LocalPBSDataManager.fileLastModified(LocalPBSDataManager.java:102)
2010-04-15 06:15:36,933 ERROR periodicalDatabaseUpdater:84 - bioinfo.comaWebServer.jobManagement.PeriodicalDatabaseUpdater.run(PeriodicalDatabaseUpdater.java:64)
2010-04-15 06:15:36,933 ERROR periodicalDatabaseUpdater:84 - java.util.TimerThread.mainLoop(Timer.java:512)
2010-04-15 06:15:36,933 ERROR periodicalDatabaseUpdater:84 - java.util.TimerThread.run(Timer.java:462)
2010-04-15 06:25:37,037 ERROR periodicalDatabaseUpdater:84 - bioinfo.comaWebServer.dataManagement.transfer.LocalPBSDataManager.fileLastModified(LocalPBSDataManager.java:102)
2010-04-15 06:25:37,038 ERROR periodicalDatabaseUpdater:84 - bioinfo.comaWebServer.jobManagement.PeriodicalDatabaseUpdater.run(PeriodicalDatabaseUpdater.java:64)
2010-04-15 06:25:37,038 ERROR periodicalDatabaseUpdater:84 - java.util.TimerThread.mainLoop(Timer.java:512)
2010-04-15 06:25:37,038 ERROR periodicalDatabaseUpdater:84 - java.util.TimerThread.run(Timer.java:462)
2010-04-15 06:35:37,142 ERROR periodicalDatabaseUpdater:84 - bioinfo.comaWebServer.dataManagement.transfer.LocalPBSDataManager.fileLastModified(LocalPBSDataManager.java:102)
2010-04-15 06:35:37,142 ERROR periodicalDatabaseUpdater:84 - bioinfo.comaWebServer.jobManagement.PeriodicalDatabaseUpdater.run(PeriodicalDatabaseUpdater.java:64)
2010-04-15 06:35:37,142 ERROR periodicalDatabaseUpdater:84 - java.util.TimerThread.mainLoop(Timer.java:512)
2010-04-15 06:35:37,142 ERROR periodicalDatabaseUpdater:84 - java.util.TimerThread.run(Timer.java:462)
2010-04-15 06:45:37,247 ERROR periodicalDatabaseUpdater:84 - bioinfo.comaWebServer.dataManagement.transfer.LocalPBSDataManager.fileLastModified(LocalPBSDataManager.java:102)
2010-04-15 06:45:37,247 ERROR periodicalDatabaseUpdater:84 - bioinfo.comaWebServer.jobManagement.PeriodicalDatabaseUpdater.run(PeriodicalDatabaseUpdater.java:64)
2010-04-15 06:45:37,247 ERROR periodicalDatabaseUpdater:84 - java.util.TimerThread.mainLoop(Timer.java:512)
2010-04-15 06:45:37,247 ERROR periodicalDatabaseUpdater:84 - java.util.TimerThread.run(Timer.java:462)
2010-04-15 06:55:37,352 ERROR periodicalDatabaseUpdater:84 - bioinfo.comaWebServer.dataManagement.transfer.LocalPBSDataManager.fileLastModified(LocalPBSDataManager.java:102)
2010-04-15 06:55:37,352 ERROR periodicalDatabaseUpdater:84 - bioinfo.comaWebServer.jobManagement.PeriodicalDatabaseUpdater.run(PeriodicalDatabaseUpdater.java:64)
2010-04-15 06:55:37,352 ERROR periodicalDatabaseUpdater:84 - java.util.TimerThread.mainLoop(Timer.java:512)
2010-04-15 06:55:37,352 ERROR periodicalDatabaseUpdater:84 - java.util.TimerThread.run(Timer.java:462)
2010-04-15 07:05:37,456 ERROR periodicalDatabaseUpdater:84 - bioinfo.comaWebServer.dataManagement.transfer.LocalPBSDataManager.fileLastModified(LocalPBSDataManager.java:102)
2010-04-15 07:05:37,456 ERROR periodicalDatabaseUpdater:84 - bioinfo.comaWebServer.jobManagement.PeriodicalDatabaseUpdater.run(PeriodicalDatabaseUpdater.java:64)
2010-04-15 07:05:37,456 ERROR periodicalDatabaseUpdater:84 - java.util.TimerThread.mainLoop(Timer.java:512)
2010-04-15 07:05:37,456 ERROR periodicalDatabaseUpdater:84 - java.util.TimerThread.run(Timer.java:462)
2010-04-15 07:15:37,561 ERROR periodicalDatabaseUpdater:84 - bioinfo.comaWebServer.dataManagement.transfer.LocalPBSDataManager.fileLastModified(LocalPBSDataManager.java:102)
2010-04-15 07:15:37,561 ERROR periodicalDatabaseUpdater:84 - bioinfo.comaWebServer.jobManagement.PeriodicalDatabaseUpdater.run(PeriodicalDatabaseUpdater.java:64)
2010-04-15 07:15:37,562 ERROR periodicalDatabaseUpdater:84 - java.util.TimerThread.mainLoop(Timer.java:512)
2010-04-15 07:15:37,562 ERROR periodicalDatabaseUpdater:84 - java.util.TimerThread.run(Timer.java:462)
2010-04-15 07:25:37,667 ERROR periodicalDatabaseUpdater:84 - bioinfo.comaWebServer.dataManagement.transfer.LocalPBSDataManager.fileLastModified(LocalPBSDataManager.java:102)
2010-04-15 07:25:37,667 ERROR periodicalDatabaseUpdater:84 - bioinfo.comaWebServer.jobManagement.PeriodicalDatabaseUpdater.run(PeriodicalDatabaseUpdater.java:64)
2010-04-15 07:25:37,667 ERROR periodicalDatabaseUpdater:84 - java.util.TimerThread.mainLoop(Timer.java:512)
2010-04-15 07:25:37,667 ERROR periodicalDatabaseUpdater:84 - java.util.TimerThread.run(Timer.java:462)
2010-04-15 07:35:37,771 ERROR periodicalDatabaseUpdater:84 - bioinfo.comaWebServer.dataManagement.transfer.LocalPBSDataManager.fileLastModified(LocalPBSDataManager.java:102)
2010-04-15 07:35:37,772 ERROR periodicalDatabaseUpdater:84 - bioinfo.comaWebServer.jobManagement.PeriodicalDatabaseUpdater.run(PeriodicalDatabaseUpdater.java:64)
2010-04-15 07:35:37,772 ERROR periodicalDatabaseUpdater:84 - java.util.TimerThread.mainLoop(Timer.java:512)
2010-04-15 07:35:37,772 ERROR periodicalDatabaseUpdater:84 - java.util.TimerThread.run(Timer.java:462)
2010-04-15 07:45:37,878 ERROR periodicalDatabaseUpdater:84 - bioinfo.comaWebServer.dataManagement.transfer.LocalPBSDataManager.fileLastModified(LocalPBSDataManager.java:102)
2010-04-15 07:45:37,878 ERROR periodicalDatabaseUpdater:84 - bioinfo.comaWebServer.jobManagement.PeriodicalDatabaseUpdater.run(PeriodicalDatabaseUpdater.java:64)
2010-04-15 07:45:37,878 ERROR periodicalDatabaseUpdater:84 - java.util.TimerThread.mainLoop(Timer.java:512)
2010-04-15 07:45:37,878 ERROR periodicalDatabaseUpdater:84 - java.util.TimerThread.run(Timer.java:462)
2010-04-15 07:55:37,982 ERROR periodicalDatabaseUpdater:84 - bioinfo.comaWebServer.dataManagement.transfer.LocalPBSDataManager.fileLastModified(LocalPBSDataManager.java:102)
2010-04-15 07:55:37,982 ERROR periodicalDatabaseUpdater:84 - bioinfo.comaWebServer.jobManagement.PeriodicalDatabaseUpdater.run(PeriodicalDatabaseUpdater.java:64)
2010-04-15 07:55:37,982 ERROR periodicalDatabaseUpdater:84 - java.util.TimerThread.mainLoop(Timer.java:512)
2010-04-15 07:55:37,982 ERROR periodicalDatabaseUpdater:84 - java.util.TimerThread.run(Timer.java:462)
2010-04-15 08:05:38,087 ERROR periodicalDatabaseUpdater:84 - bioinfo.comaWebServer.dataManagement.transfer.LocalPBSDataManager.fileLastModified(LocalPBSDataManager.java:102)
2010-04-15 08:05:38,087 ERROR periodicalDatabaseUpdater:84 - bioinfo.comaWebServer.jobManagement.PeriodicalDatabaseUpdater.run(PeriodicalDatabaseUpdater.java:64)
2010-04-15 08:05:38,087 ERROR periodicalDatabaseUpdater:84 - java.util.TimerThread.mainLoop(Timer.java:512)
2010-04-15 08:05:38,087 ERROR periodicalDatabaseUpdater:84 - java.util.TimerThread.run(Timer.java:462)
2010-04-15 08:15:38,192 ERROR periodicalDatabaseUpdater:84 - bioinfo.comaWebServer.dataManagement.transfer.LocalPBSDataManager.fileLastModified(LocalPBSDataManager.java:102)
2010-04-15 08:15:38,192 ERROR periodicalDatabaseUpdater:84 - bioinfo.comaWebServer.jobManagement.PeriodicalDatabaseUpdater.run(PeriodicalDatabaseUpdater.java:64)
2010-04-15 08:15:38,192 ERROR periodicalDatabaseUpdater:84 - java.util.TimerThread.mainLoop(Timer.java:512)
2010-04-15 08:15:38,192 ERROR periodicalDatabaseUpdater:84 - java.util.TimerThread.run(Timer.java:462)
2010-04-15 08:25:27,447 ERROR periodicalDatabaseUpdater:84 - bioinfo.comaWebServer.dataManagement.transfer.LocalPBSDataManager.fileLastModified(LocalPBSDataManager.java:102)
2010-04-15 08:25:27,449 ERROR periodicalDatabaseUpdater:84 - bioinfo.comaWebServer.jobManagement.PeriodicalDatabaseUpdater.run(PeriodicalDatabaseUpdater.java:64)
2010-04-15 08:25:27,449 ERROR periodicalDatabaseUpdater:84 - java.util.TimerThread.mainLoop(Timer.java:512)
2010-04-15 08:25:27,449 ERROR periodicalDatabaseUpdater:84 - java.util.TimerThread.run(Timer.java:462)
2010-04-15 08:35:19,353 ERROR periodicalDatabaseUpdater:80 - Path: /usr/data/blast/db/env_nr80 
2010-04-15 08:35:19,355 ERROR periodicalDatabaseUpdater:84 - bioinfo.comaWebServer.dataManagement.transfer.LocalPBSDataManager.fileLastModified(LocalPBSDataManager.java:102)
2010-04-15 08:35:19,355 ERROR periodicalDatabaseUpdater:84 - bioinfo.comaWebServer.jobManagement.PeriodicalDatabaseUpdater.run(PeriodicalDatabaseUpdater.java:66)
2010-04-15 08:35:19,355 ERROR periodicalDatabaseUpdater:84 - java.util.TimerThread.mainLoop(Timer.java:512)
2010-04-15 08:35:19,355 ERROR periodicalDatabaseUpdater:84 - java.util.TimerThread.run(Timer.java:462)
2010-04-15 08:35:19,375 ERROR periodicalDatabaseUpdater:80 - Path: /usr/local/install/coma-v1/data/prodb-b7/proastral40_1.75.frq 
2010-04-15 08:35:19,376 ERROR periodicalDatabaseUpdater:84 - bioinfo.comaWebServer.dataManagement.transfer.LocalPBSDataManager.fileLastModified(LocalPBSDataManager.java:102)
2010-04-15 08:35:19,376 ERROR periodicalDatabaseUpdater:84 - bioinfo.comaWebServer.jobManagement.PeriodicalDatabaseUpdater.run(PeriodicalDatabaseUpdater.java:66)
2010-04-15 08:35:19,376 ERROR periodicalDatabaseUpdater:84 - java.util.TimerThread.mainLoop(Timer.java:512)
2010-04-15 08:35:19,377 ERROR periodicalDatabaseUpdater:84 - java.util.TimerThread.run(Timer.java:462)
2010-04-15 08:43:20,712 ERROR periodicalDatabaseUpdater:80 - File not found: /usr/data/blast/db/env_nr80 
2010-04-15 08:43:20,714 ERROR periodicalDatabaseUpdater:84 - bioinfo.comaWebServer.dataManagement.transfer.LocalPBSDataManager.fileLastModified(LocalPBSDataManager.java:102)
2010-04-15 08:43:20,715 ERROR periodicalDatabaseUpdater:84 - bioinfo.comaWebServer.jobManagement.PeriodicalDatabaseUpdater.run(PeriodicalDatabaseUpdater.java:66)
2010-04-15 08:43:20,715 ERROR periodicalDatabaseUpdater:84 - java.util.TimerThread.mainLoop(Timer.java:512)
2010-04-15 08:43:20,715 ERROR periodicalDatabaseUpdater:84 - java.util.TimerThread.run(Timer.java:462)
2010-04-15 08:43:20,719 ERROR periodicalDatabaseUpdater:80 - File not found: /usr/local/install/coma-v1/data/prodb-b7/proastral40_1.75.frq 
2010-04-15 08:43:20,719 ERROR periodicalDatabaseUpdater:84 - bioinfo.comaWebServer.dataManagement.transfer.LocalPBSDataManager.fileLastModified(LocalPBSDataManager.java:102)
2010-04-15 08:43:20,720 ERROR periodicalDatabaseUpdater:84 - bioinfo.comaWebServer.jobManagement.PeriodicalDatabaseUpdater.run(PeriodicalDatabaseUpdater.java:66)
2010-04-15 08:43:20,720 ERROR periodicalDatabaseUpdater:84 - java.util.TimerThread.mainLoop(Timer.java:512)
2010-04-15 08:43:20,720 ERROR periodicalDatabaseUpdater:84 - java.util.TimerThread.run(Timer.java:462)
2010-04-15 08:46:01,206 ERROR periodicalDatabaseUpdater:80 - File not found: /usr/data/blast/db/env_nr80 
2010-04-15 08:46:01,208 ERROR periodicalDatabaseUpdater:84 - bioinfo.comaWebServer.dataManagement.transfer.LocalPBSDataManager.fileLastModified(LocalPBSDataManager.java:102)
2010-04-15 08:46:01,209 ERROR periodicalDatabaseUpdater:84 - bioinfo.comaWebServer.jobManagement.PeriodicalDatabaseUpdater.run(PeriodicalDatabaseUpdater.java:66)
2010-04-15 08:46:01,209 ERROR periodicalDatabaseUpdater:84 - java.util.TimerThread.mainLoop(Timer.java:512)
2010-04-15 08:46:01,209 ERROR periodicalDatabaseUpdater:84 - java.util.TimerThread.run(Timer.java:462)
2010-04-15 08:46:01,213 ERROR periodicalDatabaseUpdater:80 - File not found: /usr/local/install/coma-v1/data/prodb-b7/proastral40_1.75.frq 
2010-04-15 08:46:01,213 ERROR periodicalDatabaseUpdater:84 - bioinfo.comaWebServer.dataManagement.transfer.LocalPBSDataManager.fileLastModified(LocalPBSDataManager.java:102)
2010-04-15 08:46:01,213 ERROR periodicalDatabaseUpdater:84 - bioinfo.comaWebServer.jobManagement.PeriodicalDatabaseUpdater.run(PeriodicalDatabaseUpdater.java:66)
2010-04-15 08:46:01,214 ERROR periodicalDatabaseUpdater:84 - java.util.TimerThread.mainLoop(Timer.java:512)
2010-04-15 08:46:01,214 ERROR periodicalDatabaseUpdater:84 - java.util.TimerThread.run(Timer.java:462)
2010-04-15 08:52:26,857 ERROR periodicalDatabaseUpdater:80 - File not found: /usr/data/blast/db/env_nr80 
2010-04-15 08:52:26,859 ERROR periodicalDatabaseUpdater:84 - bioinfo.comaWebServer.dataManagement.transfer.LocalPBSDataManager.fileLastModified(LocalPBSDataManager.java:103)
2010-04-15 08:52:26,859 ERROR periodicalDatabaseUpdater:84 - bioinfo.comaWebServer.jobManagement.PeriodicalDatabaseUpdater.run(PeriodicalDatabaseUpdater.java:66)
2010-04-15 08:52:26,859 ERROR periodicalDatabaseUpdater:84 - java.util.TimerThread.mainLoop(Timer.java:512)
2010-04-15 08:52:26,859 ERROR periodicalDatabaseUpdater:84 - java.util.TimerThread.run(Timer.java:462)
2010-04-15 08:52:26,864 ERROR periodicalDatabaseUpdater:80 - File not found: /usr/local/install/coma-v1/data/prodb-b7/proastral40_1.75.frq 
2010-04-15 08:52:26,864 ERROR periodicalDatabaseUpdater:84 - bioinfo.comaWebServer.dataManagement.transfer.LocalPBSDataManager.fileLastModified(LocalPBSDataManager.java:103)
2010-04-15 08:52:26,864 ERROR periodicalDatabaseUpdater:84 - bioinfo.comaWebServer.jobManagement.PeriodicalDatabaseUpdater.run(PeriodicalDatabaseUpdater.java:66)
2010-04-15 08:52:26,864 ERROR periodicalDatabaseUpdater:84 - java.util.TimerThread.mainLoop(Timer.java:512)
2010-04-15 08:52:26,864 ERROR periodicalDatabaseUpdater:84 - java.util.TimerThread.run(Timer.java:462)
2010-04-15 08:54:11,213 ERROR periodicalDatabaseUpdater:80 - File not found: /usr/local/install/coma-v1/data/prodb-b7/proastral40_1.75.frq 
2010-04-15 08:54:11,228 ERROR periodicalDatabaseUpdater:84 - bioinfo.comaWebServer.dataManagement.transfer.LocalPBSDataManager.fileLastModified(LocalPBSDataManager.java:103)
2010-04-15 08:54:11,228 ERROR periodicalDatabaseUpdater:84 - bioinfo.comaWebServer.jobManagement.PeriodicalDatabaseUpdater.run(PeriodicalDatabaseUpdater.java:66)
2010-04-15 08:54:11,228 ERROR periodicalDatabaseUpdater:84 - java.util.TimerThread.mainLoop(Timer.java:512)
2010-04-15 08:54:11,228 ERROR periodicalDatabaseUpdater:84 - java.util.TimerThread.run(Timer.java:462)
