[INFO] AppModule.TimingFilter Request time: 14 ms
[INFO] AppModule.TimingFilter Request time: 0 ms
[INFO] AppModule.TimingFilter Request time: 16 ms
[INFO] AppModule.TimingFilter Request time: 17 ms
[INFO] AppModule.TimingFilter Request time: 15 ms
[INFO] AppModule.TimingFilter Request time: 17 ms
[INFO] AppModule.TimingFilter Request time: 0 ms
[ERROR] modellerJob Setting values: comaResultsId=176 alignmentId=3106
[ERROR] periodicalWorker Submitting: 9D323717C1D5F918D8B0267C157186D6E6B64EC9
[ERROR] periodicalWorker Finished: 9D323717C1D5F918D8B0267C157186D6E6B64EC9 QUEUED
[ERROR] modellerJob Setting values: comaResultsId=176 alignmentId=3122
[ERROR] periodicalWorker Submitting: 3717862A00F88C6164A735D661D4E9C91C5D9767
[ERROR] periodicalWorker Finished: 3717862A00F88C6164A735D661D4E9C91C5D9767 QUEUED
[ERROR] periodicalWorker Submitting: 85F1002BF139BEBDB7F0D07B31FA14155AEA9DFC
[ERROR] periodicalWorker Finished: 85F1002BF139BEBDB7F0D07B31FA14155AEA9DFC QUEUED
[ERROR] periodicalWorker Submitting: 05580CAED314DF2D74C3E515D57294928CFBFAE6
[ERROR] periodicalWorker Finished: 05580CAED314DF2D74C3E515D57294928CFBFAE6 QUEUED
[ERROR] modellerJob Setting values: comaResultsId=166 alignmentId=2519
[ERROR] periodicalWorker Submitting: 3A085D1BC5FA41313C4E0910E7341AF761B0F7DB
[ERROR] periodicalWorker Finished: 3A085D1BC5FA41313C4E0910E7341AF761B0F7DB QUEUED
[INFO] AppModule.TimingFilter Request time: 13 ms
[INFO] AppModule.TimingFilter Request time: 0 ms
[INFO] AppModule.TimingFilter Request time: 0 ms
[INFO] AppModule.TimingFilter Request time: 0 ms
[INFO] AppModule.TimingFilter Request time: 0 ms
[INFO] AppModule.TimingFilter Request time: 0 ms
[INFO] AppModule.TimingFilter Request time: 0 ms
[INFO] AppModule.TimingFilter Request time: 14 ms
[INFO] AppModule.TimingFilter Request time: 2 ms
[INFO] AppModule.TimingFilter Request time: 5 ms
[INFO] AppModule.TimingFilter Request time: 3 ms
