[INFO] AppModule.TimingFilter Request time: 12 ms
[INFO] AppModule.TimingFilter Request time: 0 ms
[INFO] AppModule.TimingFilter Request time: 17 ms
[INFO] AppModule.TimingFilter Request time: 17 ms
[INFO] AppModule.TimingFilter Request time: 16 ms
[INFO] AppModule.TimingFilter Request time: 3 ms
[INFO] AppModule.TimingFilter Request time: 1 ms
[INFO] AppModule.TimingFilter Request time: 12 ms
[INFO] AppModule.TimingFilter Request time: 2 ms
[INFO] AppModule.TimingFilter Request time: 4 ms
[INFO] AppModule.TimingFilter Request time: 2 ms
[INFO] AppModule.TimingFilter Request time: 2 ms
[INFO] AppModule.TimingFilter Request time: 3 ms
[INFO] AppModule.TimingFilter Request time: 12 ms
[INFO] AppModule.TimingFilter Request time: 8 ms
[INFO] AppModule.TimingFilter Request time: 14 ms
[INFO] AppModule.TimingFilter Request time: 6 ms
[INFO] AppModule.TimingFilter Request time: 44 ms
[INFO] AppModule.TimingFilter Request time: 123 ms
[INFO] AppModule.TimingFilter Request time: 10 ms
[ERROR] periodicalWorker Submitting: C28097AD29AB61BFEC58D9B4DE53BCDEC687872E
[ERROR] periodicalWorker Finished: C28097AD29AB61BFEC58D9B4DE53BCDEC687872E QUEUED
[ERROR] periodicalWorker Submitting: EF2AFD226E3384E34D9833FE09CD123DB498754C
[ERROR] periodicalWorker Finished: EF2AFD226E3384E34D9833FE09CD123DB498754C QUEUED
[ERROR] periodicalWorker Submitting: 43814346E21444AAF4F70841BF7ED5AE93F55A9D
[ERROR] periodicalWorker Finished: 43814346E21444AAF4F70841BF7ED5AE93F55A9D QUEUED
[ERROR] periodicalWorker Submitting: FFFB8E85796E61B713C68833D9F84EF0958681AA
[ERROR] periodicalWorker Finished: FFFB8E85796E61B713C68833D9F84EF0958681AA QUEUED
[ERROR] periodicalWorker Submitting: 4728A26498A7441A03A375EB0280B65C24A8CBD9
[ERROR] periodicalWorker Finished: 4728A26498A7441A03A375EB0280B65C24A8CBD9 QUEUED
[ERROR] periodicalWorker Submitting: 9C882D5C6A1AA240B2672DCE0FFB03360ABCACA5
[ERROR] periodicalWorker Finished: 9C882D5C6A1AA240B2672DCE0FFB03360ABCACA5 QUEUED
[ERROR] periodicalWorker Submitting: 0588F59014485510AAC3BD9FDC2695C7B2A0D559
[ERROR] periodicalWorker Finished: 0588F59014485510AAC3BD9FDC2695C7B2A0D559 QUEUED
[ERROR] periodicalWorker Submitting: 01EC40215EDD21ED26D1BEDDE644AFCFA4CCD665
[ERROR] periodicalWorker Finished: 01EC40215EDD21ED26D1BEDDE644AFCFA4CCD665 QUEUED
[ERROR] periodicalWorker Submitting: 6C41101FE24A8F80C8CB51781F9E9ECF8C7A4D39
[ERROR] periodicalWorker Finished: 6C41101FE24A8F80C8CB51781F9E9ECF8C7A4D39 QUEUED
[ERROR] periodicalWorker Submitting: 3E6BF6C89BA8A8B8B189F85975B0FAB42BDC6D4A
[ERROR] periodicalWorker Finished: 3E6BF6C89BA8A8B8B189F85975B0FAB42BDC6D4A QUEUED
[ERROR] periodicalWorker Submitting: 8DA4DABFAEB4A44681C9777C85DB39140E3E12E6
[ERROR] periodicalWorker Finished: 8DA4DABFAEB4A44681C9777C85DB39140E3E12E6 QUEUED
[ERROR] periodicalWorker Submitting: C415505DCA69BE631CA5D391B3CCD2B44B52D017
[ERROR] periodicalWorker Finished: C415505DCA69BE631CA5D391B3CCD2B44B52D017 QUEUED
[ERROR] periodicalWorker Submitting: 25A5E3012854728E0C6AB97FDCBB65C3A00C0965
[ERROR] periodicalWorker Finished: 25A5E3012854728E0C6AB97FDCBB65C3A00C0965 QUEUED
[ERROR] periodicalWorker Submitting: 640BACFB48AEFAC1F91028C01603E5C78D4F63CA
[ERROR] periodicalWorker Finished: 640BACFB48AEFAC1F91028C01603E5C78D4F63CA QUEUED
[ERROR] periodicalWorker Submitting: 35139EF894B28B73BEA022755166A23933C7D9CB
[ERROR] periodicalWorker Finished: 35139EF894B28B73BEA022755166A23933C7D9CB QUEUED
[ERROR] periodicalWorker Submitting: 41F448AFC82647D1376AD508AEC1EBE28826B8F7
[ERROR] periodicalWorker Finished: 41F448AFC82647D1376AD508AEC1EBE28826B8F7 QUEUED
[ERROR] periodicalWorker Submitting: 1B04F217730B9E677EC7021775BB6C2C8F8CA543
[ERROR] periodicalWorker Finished: 1B04F217730B9E677EC7021775BB6C2C8F8CA543 QUEUED
[ERROR] periodicalWorker Submitting: CFD1799660639C006D19F3CA7EBD518A1D6E6CA2
[ERROR] periodicalWorker Finished: CFD1799660639C006D19F3CA7EBD518A1D6E6CA2 QUEUED
[ERROR] periodicalWorker Submitting: 3341B16B2E02679ECB3D3FCCB14A5667FA751D0D
[ERROR] periodicalWorker Finished: 3341B16B2E02679ECB3D3FCCB14A5667FA751D0D QUEUED
[ERROR] periodicalWorker Submitting: 89A1C105A4720482E52AE423839ED97C693201CA
[ERROR] periodicalWorker Finished: 89A1C105A4720482E52AE423839ED97C693201CA QUEUED
[ERROR] periodicalWorker Submitting: 0026476A20BFBD08714155BB66F0B4FEB2D25C1C
[ERROR] periodicalWorker Finished: 0026476A20BFBD08714155BB66F0B4FEB2D25C1C QUEUED
[ERROR] periodicalWorker Submitting: EFBC0848B836A9DE4B0C18C93EC052D87647FB06
[ERROR] periodicalWorker Finished: EFBC0848B836A9DE4B0C18C93EC052D87647FB06 QUEUED
[ERROR] periodicalWorker Submitting: 8ADA660E06B787F245667943DC948DAFAB997E25
[ERROR] periodicalWorker Finished: 8ADA660E06B787F245667943DC948DAFAB997E25 QUEUED
[ERROR] periodicalWorker Submitting: 1A1162EC85B1D21244D7D3ECBA5BC65878B73777
[ERROR] periodicalWorker Finished: 1A1162EC85B1D21244D7D3ECBA5BC65878B73777 QUEUED
[ERROR] periodicalWorker Submitting: 90AF7EDBFD8A161A7F711504A114AAF5BF597F9F
[ERROR] periodicalWorker Finished: 90AF7EDBFD8A161A7F711504A114AAF5BF597F9F QUEUED
[ERROR] periodicalWorker Submitting: D20016547F489DA25167FA1DBE9A00BFD82298C0
[ERROR] periodicalWorker Finished: D20016547F489DA25167FA1DBE9A00BFD82298C0 QUEUED
[ERROR] periodicalWorker Submitting: 86970064EA53B6D66B7C53CBC91C58B4F06FC6FD
[ERROR] periodicalWorker Finished: 86970064EA53B6D66B7C53CBC91C58B4F06FC6FD QUEUED
[ERROR] periodicalWorker Submitting: ABF749051D8B000946C71A2E216E55EEB49CF414
[ERROR] periodicalWorker Finished: ABF749051D8B000946C71A2E216E55EEB49CF414 QUEUED
[ERROR] periodicalWorker Submitting: 2A5AC580E608DAA6D2CD4B6C20326E1518BAADD5
[ERROR] periodicalWorker Finished: 2A5AC580E608DAA6D2CD4B6C20326E1518BAADD5 QUEUED
[ERROR] periodicalWorker Submitting: A1773D62A609DD09E98EA1AEBEDDBD949B78BF83
[ERROR] periodicalWorker Finished: A1773D62A609DD09E98EA1AEBEDDBD949B78BF83 QUEUED
[ERROR] periodicalWorker Submitting: B6E7A22C25E9E7146913841B0995288C688F9BF8
[ERROR] periodicalWorker Finished: B6E7A22C25E9E7146913841B0995288C688F9BF8 QUEUED
[ERROR] periodicalWorker Submitting: 8D6F9131366DAC0C298EE725E6577D6E0A54E832
[ERROR] periodicalWorker Finished: 8D6F9131366DAC0C298EE725E6577D6E0A54E832 QUEUED
[ERROR] periodicalWorker Submitting: 15A17ABEE2BF17C4859DB0247500FC078D2A5DD4
[ERROR] periodicalWorker Finished: 15A17ABEE2BF17C4859DB0247500FC078D2A5DD4 QUEUED
