[INFO] AppModule.TimingFilter Request time: 9 ms
[INFO] AppModule.TimingFilter Request time: 3 ms
[INFO] AppModule.TimingFilter Request time: 8 ms
[INFO] AppModule.TimingFilter Request time: 3 ms
[INFO] AppModule.TimingFilter Request time: 1 ms
[INFO] AppModule.TimingFilter Request time: 3 ms
[ERROR] modellerJob Setting values: comaResultsId=236 alignmentId=4158
[ERROR] periodicalWorker Submitting: 56E43AE4CA9369EF504ED49D4A92F42EDDFF81C5
[ERROR] periodicalWorker Finished: 56E43AE4CA9369EF504ED49D4A92F42EDDFF81C5 QUEUED
[ERROR] modellerJob Setting values: comaResultsId=239 alignmentId=4142
[ERROR] periodicalWorker Submitting: A0D04378F37973FFA3B2AA8B3E27A3F0A98DE06D
[ERROR] periodicalWorker Finished: A0D04378F37973FFA3B2AA8B3E27A3F0A98DE06D QUEUED
[INFO] AppModule.TimingFilter Request time: 29 ms
[WARN] util.JDBCExceptionReporter SQL Error: 0, SQLState: 08S01
[ERROR] util.JDBCExceptionReporter Communications link failure

Last packet sent to the server was 193 ms ago.
[INFO] resourcepool.BasicResourcePool An exception occurred while acquiring a poolable resource. Will retry.
com.mysql.jdbc.exceptions.jdbc4.CommunicationsException: Communications link failure

Last packet sent to the server was 0 ms ago.
	at sun.reflect.NativeConstructorAccessorImpl.newInstance0(Native Method)
	at sun.reflect.NativeConstructorAccessorImpl.newInstance(NativeConstructorAccessorImpl.java:39)
	at sun.reflect.DelegatingConstructorAccessorImpl.newInstance(DelegatingConstructorAccessorImpl.java:27)
	at java.lang.reflect.Constructor.newInstance(Constructor.java:513)
	at com.mysql.jdbc.Util.handleNewInstance(Util.java:406)
	at com.mysql.jdbc.SQLError.createCommunicationsException(SQLError.java:1074)
	at com.mysql.jdbc.ConnectionImpl.createNewIO(ConnectionImpl.java:2103)
	at com.mysql.jdbc.ConnectionImpl.<init>(ConnectionImpl.java:718)
	at com.mysql.jdbc.JDBC4Connection.<init>(JDBC4Connection.java:46)
	at sun.reflect.GeneratedConstructorAccessor82.newInstance(Unknown Source)
	at sun.reflect.DelegatingConstructorAccessorImpl.newInstance(DelegatingConstructorAccessorImpl.java:27)
	at java.lang.reflect.Constructor.newInstance(Constructor.java:513)
	at com.mysql.jdbc.Util.handleNewInstance(Util.java:406)
	at com.mysql.jdbc.ConnectionImpl.getInstance(ConnectionImpl.java:302)
	at com.mysql.jdbc.NonRegisteringDriver.connect(NonRegisteringDriver.java:282)
	at com.mchange.v2.c3p0.DriverManagerDataSource.getConnection(DriverManagerDataSource.java:135)
	at com.mchange.v2.c3p0.WrapperConnectionPoolDataSource.getPooledConnection(WrapperConnectionPoolDataSource.java:182)
	at com.mchange.v2.c3p0.WrapperConnectionPoolDataSource.getPooledConnection(WrapperConnectionPoolDataSource.java:171)
	at com.mchange.v2.c3p0.impl.C3P0PooledConnectionPool$1PooledConnectionResourcePoolManager.acquireResource(C3P0PooledConnectionPool.java:137)
	at com.mchange.v2.resourcepool.BasicResourcePool.doAcquire(BasicResourcePool.java:1014)
	at com.mchange.v2.resourcepool.BasicResourcePool.access$800(BasicResourcePool.java:32)
	at com.mchange.v2.resourcepool.BasicResourcePool$AcquireTask.run(BasicResourcePool.java:1810)
	at com.mchange.v2.async.ThreadPoolAsynchronousRunner$PoolThread.run(ThreadPoolAsynchronousRunner.java:547)
Caused by: java.net.ConnectException: Connection refused
	at java.net.PlainSocketImpl.socketConnect(Native Method)
	at java.net.PlainSocketImpl.doConnect(PlainSocketImpl.java:333)
	at java.net.PlainSocketImpl.connectToAddress(PlainSocketImpl.java:195)
	at java.net.PlainSocketImpl.connect(PlainSocketImpl.java:182)
	at java.net.SocksSocketImpl.connect(SocksSocketImpl.java:366)
	at java.net.Socket.connect(Socket.java:525)
	at java.net.Socket.connect(Socket.java:475)
	at java.net.Socket.<init>(Socket.java:372)
	at java.net.Socket.<init>(Socket.java:215)
	at com.mysql.jdbc.StandardSocketFactory.connect(StandardSocketFactory.java:253)
	at com.mysql.jdbc.MysqlIO.<init>(MysqlIO.java:280)
	at com.mysql.jdbc.ConnectionImpl.createNewIO(ConnectionImpl.java:2026)
	... 16 more
[ERROR] periodicalWorker org.hibernate.exception.SQLStateConverter.convert(SQLStateConverter.java:97)
[ERROR] periodicalWorker org.hibernate.exception.JDBCExceptionHelper.convert(JDBCExceptionHelper.java:66)
[ERROR] periodicalWorker org.hibernate.exception.JDBCExceptionHelper.convert(JDBCExceptionHelper.java:52)
[ERROR] periodicalWorker org.hibernate.jdbc.ConnectionManager.openConnection(ConnectionManager.java:449)
[ERROR] periodicalWorker org.hibernate.jdbc.ConnectionManager.getConnection(ConnectionManager.java:167)
[ERROR] periodicalWorker org.hibernate.jdbc.JDBCContext.connection(JDBCContext.java:142)
[ERROR] periodicalWorker org.hibernate.transaction.JDBCTransaction.begin(JDBCTransaction.java:85)
[ERROR] periodicalWorker org.hibernate.impl.SessionImpl.beginTransaction(SessionImpl.java:1353)
[ERROR] periodicalWorker sun.reflect.GeneratedMethodAccessor13.invoke(Unknown Source)
[ERROR] periodicalWorker sun.reflect.DelegatingMethodAccessorImpl.invoke(DelegatingMethodAccessorImpl.java:25)
[ERROR] periodicalWorker java.lang.reflect.Method.invoke(Method.java:597)
[ERROR] periodicalWorker org.hibernate.context.ThreadLocalSessionContext$TransactionProtectionWrapper.invoke(ThreadLocalSessionContext.java:342)
[ERROR] periodicalWorker $Proxy17.beginTransaction(Unknown Source)
[ERROR] periodicalWorker bioinfo.comaWebServer.dataServices.HibernateDataSource.getNotFinishedJobs(HibernateDataSource.java:819)
[ERROR] periodicalWorker bioinfo.comaWebServer.dataManagement.periodical.AbstractPeriodicalWorker.run(AbstractPeriodicalWorker.java:49)
[ERROR] periodicalWorker java.util.TimerThread.mainLoop(Timer.java:512)
[ERROR] periodicalWorker java.util.TimerThread.run(Timer.java:462)
2010-04-02 15:04:31.130::INFO:  Shutdown hook executing
2010-04-02 15:04:31.130::INFO:  Graceful shutdown SelectChannelConnector@0.0.0.0:8085
2010-04-02 15:04:31.131::INFO:  Graceful shutdown org.mortbay.jetty.webapp.WebAppContext@73a34b{/coma,/home/coma/jetty-6.1.14/webapps/comaWebServer}
2010-04-02 15:04:31.131::INFO:  Graceful shutdown org.mortbay.jetty.webapp.WebAppContext@2d04faf8{/pdexkrec,/home/coma/jetty-6.1.14/webapps/PDEXKsvm}
2010-04-02 15:04:31.131::INFO:  Graceful shutdown org.mortbay.jetty.webapp.WebAppContext@26ee7a14{/comaWebServer-jndi,/home/coma/jetty-6.1.14/contexts/comaWebServer-jndi.d}
2010-04-02 15:04:31.131::INFO:  Graceful shutdown org.mortbay.jetty.handler.ContextHandler@39b8d6f7{/javadoc,file:/home/coma/jetty-6.1.14/javadoc/}
[INFO] impl.SessionFactoryImpl closing
[INFO] impl.SessionFactoryImpl closing
2010-04-02 15:04:32.521::INFO:  Shutdown hook complete
