2010-06-11 10:18:03.600::INFO:  jetty-6.1.14
2010-06-11 10:18:03.654::INFO:  Deploy /home/coma/testing_COMA_server/jetty-6.1.14/contexts/comaWebServer-jndi.xml -> org.mortbay.jetty.webapp.WebAppContext@2b5ac3c9{/comaWebServer-jndi,/home/coma/testing_COMA_server/jetty-6.1.14/contexts/comaWebServer-jndi.d}
2010-06-11 10:18:03.670::INFO:  Deploy /home/coma/testing_COMA_server/jetty-6.1.14/contexts/javadoc.xml -> org.mortbay.jetty.handler.ContextHandler@2ec791b9{/javadoc,file:/home/coma/testing_COMA_server/jetty-6.1.14/javadoc/}
2010-06-11 10:18:03.679::INFO:  Deploy /home/coma/testing_COMA_server/jetty-6.1.14/contexts/comaWebServer.xml -> org.mortbay.jetty.webapp.WebAppContext@16290fbc{/coma,/home/coma/testing_COMA_server/jetty-6.1.14/webapps/comaWebServer}
2010-06-11 10:18:03.704::WARN:  Can't reuse /tmp/Jetty_0_0_0_0_8090_comaWebServer.jndi.d__comaWebServer.jndi__ulw7so, using /tmp/Jetty_0_0_0_0_8090_comaWebServer.jndi.d__comaWebServer.jndi__ulw7so_5232251990306789974
2010-06-11 10:18:03.738::INFO:  No Transaction manager found - if your webapp requires one, please configure one.
2010-06-11 10:18:03.885::WARN:  Can't reuse /tmp/Jetty_0_0_0_0_8090_comaWebServer__coma__.kvu211, using /tmp/Jetty_0_0_0_0_8090_comaWebServer__coma__.kvu211_5779856817541971939
[ERROR] TapestryModule.AliasOverrides Contribution <Proxy for MySaltSource(nu.localhost.tapestry.acegi.services.SaltSourceService)> (for type nu.localhost.tapestry.acegi.services.SaltSourceService) conflicts with existing contribution <Proxy for MySaltSource(nu.localhost.tapestry.acegi.services.SaltSourceService)> and has been ignored.
[INFO] TapestryModule.ComponentClassResolver Available pages:
                        (blank): bioinfo.comaWebServer.pages.Index
                          About: bioinfo.comaWebServer.pages.About
                       Contacts: bioinfo.comaWebServer.pages.Contacts
                ExceptionReport: org.apache.tapestry5.corelib.pages.ExceptionReport
                          Index: bioinfo.comaWebServer.pages.Index
                     ManageJobs: bioinfo.comaWebServer.pages.ManageJobs
                    ModellerJob: bioinfo.comaWebServer.pages.ModellerJob
          PropertyDisplayBlocks: org.apache.tapestry5.corelib.pages.PropertyDisplayBlocks
             PropertyEditBlocks: org.apache.tapestry5.corelib.pages.PropertyEditBlocks
                  ServiceStatus: org.apache.tapestry5.corelib.pages.ServiceStatus
                 WaitForResults: bioinfo.comaWebServer.pages.WaitForResults
                add/AddDatabase: bioinfo.comaWebServer.pages.add.AddDatabase
                   add/Database: bioinfo.comaWebServer.pages.add.AddDatabase
             edit/ClusterParams: bioinfo.comaWebServer.pages.edit.EditClusterParams
                edit/ComaParams: bioinfo.comaWebServer.pages.edit.EditComaParams
                  edit/Database: bioinfo.comaWebServer.pages.edit.EditDatabase
         edit/EditClusterParams: bioinfo.comaWebServer.pages.edit.EditClusterParams
            edit/EditComaParams: bioinfo.comaWebServer.pages.edit.EditComaParams
              edit/EditDatabase: bioinfo.comaWebServer.pages.edit.EditDatabase
            edit/EditMailParams: bioinfo.comaWebServer.pages.edit.EditMailParams
edit/EditPeriodicalWorkerParams: bioinfo.comaWebServer.pages.edit.EditPeriodicalWorkerParams
        edit/EditPersonalParams: bioinfo.comaWebServer.pages.edit.EditPersonalParams
          edit/EditSearchParams: bioinfo.comaWebServer.pages.edit.EditSearchParams
                edit/MailParams: bioinfo.comaWebServer.pages.edit.EditMailParams
    edit/PeriodicalWorkerParams: bioinfo.comaWebServer.pages.edit.EditPeriodicalWorkerParams
            edit/PersonalParams: bioinfo.comaWebServer.pages.edit.EditPersonalParams
              edit/SearchParams: bioinfo.comaWebServer.pages.edit.EditSearchParams
               show/ComaResults: bioinfo.comaWebServer.pages.show.ShowComaResults
                 show/Databases: bioinfo.comaWebServer.pages.show.ShowDatabases
                      show/Info: bioinfo.comaWebServer.pages.show.ShowInfo
                     show/Login: bioinfo.comaWebServer.pages.show.ShowLogin
                   show/Results: bioinfo.comaWebServer.pages.show.ShowResults
           show/ShowComaResults: bioinfo.comaWebServer.pages.show.ShowComaResults
             show/ShowDatabases: bioinfo.comaWebServer.pages.show.ShowDatabases
                  show/ShowInfo: bioinfo.comaWebServer.pages.show.ShowInfo
                 show/ShowLogin: bioinfo.comaWebServer.pages.show.ShowLogin
               show/ShowResults: bioinfo.comaWebServer.pages.show.ShowResults

[INFO] TapestryModule.ComponentClassResolver Available components:
               ActionLink: org.apache.tapestry5.corelib.components.ActionLink
               AddRowLink: org.apache.tapestry5.corelib.components.AddRowLink
             AjaxFormLoop: org.apache.tapestry5.corelib.components.AjaxFormLoop
                      Any: org.apache.tapestry5.corelib.components.Any
                   Banner: bioinfo.comaWebServer.components.Banner
              BeanDisplay: org.apache.tapestry5.corelib.components.BeanDisplay
             BeanEditForm: org.apache.tapestry5.corelib.components.BeanEditForm
               BeanEditor: org.apache.tapestry5.corelib.components.BeanEditor
                   Border: bioinfo.comaWebServer.components.Border
                 Checkbox: org.apache.tapestry5.corelib.components.Checkbox
            CheckboxGroup: bioinfo.comaWebServer.components.CheckboxGroup
                ControlCB: bioinfo.comaWebServer.components.ControlCB
          ControlCheckbox: bioinfo.comaWebServer.components.ControlCheckbox
       ControlledCheckbox: bioinfo.comaWebServer.components.ControlledCheckbox
                DateField: org.apache.tapestry5.corelib.components.DateField
                 Delegate: org.apache.tapestry5.corelib.components.Delegate
                   Errors: org.apache.tapestry5.corelib.components.Errors
                EventLink: org.apache.tapestry5.corelib.components.EventLink
         ExceptionDisplay: org.apache.tapestry5.corelib.components.ExceptionDisplay
                     Form: org.apache.tapestry5.corelib.components.Form
             FormFragment: org.apache.tapestry5.corelib.components.FormFragment
             FormInjector: org.apache.tapestry5.corelib.components.FormInjector
                     Grid: org.apache.tapestry5.corelib.components.Grid
                 GridCell: org.apache.tapestry5.corelib.components.GridCell
              GridColumns: org.apache.tapestry5.corelib.components.GridColumns
                GridPager: org.apache.tapestry5.corelib.components.GridPager
                 GridRows: org.apache.tapestry5.corelib.components.GridRows
           HSSegmentPairs: bioinfo.comaWebServer.components.HSSegmentPairs
                       If: org.apache.tapestry5.corelib.components.If
                    Label: org.apache.tapestry5.corelib.components.Label
            LeftMenuAdmin: bioinfo.comaWebServer.components.LeftMenuAdmin
           LeftMenuClient: bioinfo.comaWebServer.components.LeftMenuClient
               LinkSubmit: org.apache.tapestry5.corelib.components.LinkSubmit
                     Loop: org.apache.tapestry5.corelib.components.Loop
                   Output: org.apache.tapestry5.corelib.components.Output
                OutputRaw: org.apache.tapestry5.corelib.components.OutputRaw
                 PageLink: org.apache.tapestry5.corelib.components.PageLink
                  Palette: org.apache.tapestry5.corelib.components.Palette
            PasswordField: org.apache.tapestry5.corelib.components.PasswordField
          PropertyDisplay: org.apache.tapestry5.corelib.components.PropertyDisplay
           PropertyEditor: org.apache.tapestry5.corelib.components.PropertyEditor
                    Radio: org.apache.tapestry5.corelib.components.Radio
               RadioGroup: org.apache.tapestry5.corelib.components.RadioGroup
            RemoveRowLink: org.apache.tapestry5.corelib.components.RemoveRowLink
             RenderObject: org.apache.tapestry5.corelib.components.RenderObject
                   Select: org.apache.tapestry5.corelib.components.Select
           SelectMultiple: bioinfo.comaWebServer.components.SelectMultiple
                   Submit: org.apache.tapestry5.corelib.components.Submit
           SubmitNotifier: org.apache.tapestry5.corelib.components.SubmitNotifier
                 TextArea: org.apache.tapestry5.corelib.components.TextArea
                TextField: org.apache.tapestry5.corelib.components.TextField
               TextOutput: org.apache.tapestry5.corelib.components.TextOutput
            TopMenuClient: bioinfo.comaWebServer.components.TopMenuClient
                   Unless: org.apache.tapestry5.corelib.components.Unless
                   Upload: org.apache.tapestry5.upload.components.Upload
            ViewAlignment: bioinfo.comaWebServer.components.ViewAlignment
    ViewAlignmentAdvanced: bioinfo.comaWebServer.components.ViewAlignmentAdvanced
      ViewAlignmentFilter: bioinfo.comaWebServer.components.ViewAlignmentFilter
    ViewAlignmentMultiple: bioinfo.comaWebServer.components.ViewAlignmentMultiple
       ViewAutocorrection: bioinfo.comaWebServer.components.ViewAutocorrection
              ViewCluster: bioinfo.comaWebServer.components.ViewCluster
           ViewComaParams: bioinfo.comaWebServer.components.ViewComaParams
             ViewDatabase: bioinfo.comaWebServer.components.ViewDatabase
    ViewEmailNotification: bioinfo.comaWebServer.components.ViewEmailNotification
       ViewGapProbability: bioinfo.comaWebServer.components.ViewGapProbability
ViewInformationCorrection: bioinfo.comaWebServer.components.ViewInformationCorrection
              ViewMasking: bioinfo.comaWebServer.components.ViewMasking
      ViewModellerResults: bioinfo.comaWebServer.components.ViewModellerResults
           ViewMsaResults: bioinfo.comaWebServer.components.ViewMsaResults
               ViewOutput: bioinfo.comaWebServer.components.ViewOutput
  ViewProfileConstruction: bioinfo.comaWebServer.components.ViewProfileConstruction
              ViewResults: bioinfo.comaWebServer.components.ViewResults
     ViewResultsAlignment: bioinfo.comaWebServer.components.ViewResultsAlignment
         ViewResultsQuery: bioinfo.comaWebServer.components.ViewResultsQuery
                  ViewSEG: bioinfo.comaWebServer.components.ViewSEG
               ViewSearch: bioinfo.comaWebServer.components.ViewSearch
       ViewSearchMultiple: bioinfo.comaWebServer.components.ViewSearchMultiple
                     Zone: org.apache.tapestry5.corelib.components.Zone
      security/IfLoggedIn: nu.localhost.tapestry.acegi.components.IfLoggedIn
          security/IfRole: nu.localhost.tapestry.acegi.components.IfRole

[INFO] TapestryModule.ComponentClassResolver Available mixins:
      Autocomplete: org.apache.tapestry5.corelib.mixins.Autocomplete
ControlledCheckbox: bioinfo.comaWebServer.mixins.ControlledCheckbox
       DiscardBody: org.apache.tapestry5.corelib.mixins.DiscardBody
    RenderDisabled: org.apache.tapestry5.corelib.mixins.RenderDisabled
   RenderInformals: org.apache.tapestry5.corelib.mixins.RenderInformals
   TriggerFragment: org.apache.tapestry5.corelib.mixins.TriggerFragment

[INFO] annotations.Version Hibernate Annotations 3.4.0.GA
[INFO] cfg.Environment Hibernate 3.3.1.GA
[INFO] cfg.Environment hibernate.properties not found
[INFO] cfg.Environment Bytecode provider name : javassist
[INFO] cfg.Environment using JDK 1.4 java.sql.Timestamp handling
[INFO] common.Version Hibernate Commons Annotations 3.1.0.GA
[INFO] cfg.Configuration configuring from resource: /hibernate.cfg.xml
[INFO] cfg.Configuration Configuration resource: /hibernate.cfg.xml
[INFO] cfg.Configuration Reading mappings from resource : bioinfo/comaWebServer/entities/Output.hbm.xml
[INFO] cfg.Configuration Reading mappings from resource : bioinfo/comaWebServer/entities/Alignment.hbm.xml
[INFO] cfg.Configuration Reading mappings from resource : bioinfo/comaWebServer/entities/ProfileConstruction.hbm.xml
[INFO] cfg.Configuration Reading mappings from resource : bioinfo/comaWebServer/entities/Masking.hbm.xml
[INFO] cfg.Configuration Reading mappings from resource : bioinfo/comaWebServer/entities/SEG.hbm.xml
[INFO] cfg.Configuration Reading mappings from resource : bioinfo/comaWebServer/entities/GapProbability.hbm.xml
[INFO] cfg.Configuration Reading mappings from resource : bioinfo/comaWebServer/entities/Autocorrection.hbm.xml
[INFO] cfg.Configuration Reading mappings from resource : bioinfo/comaWebServer/entities/InformationCorrection.hbm.xml
[INFO] cfg.Configuration Reading mappings from resource : bioinfo/comaWebServer/entities/AlignmentFilter.hbm.xml
[INFO] cfg.Configuration Reading mappings from resource : bioinfo/comaWebServer/entities/Search.hbm.xml
[INFO] cfg.Configuration Reading mappings from resource : bioinfo/comaWebServer/entities/Cluster.hbm.xml
[INFO] cfg.Configuration Reading mappings from resource : bioinfo/comaWebServer/entities/EmailNotification.hbm.xml
[INFO] cfg.Configuration Reading mappings from resource : bioinfo/comaWebServer/entities/PeriodicalWorkerParams.hbm.xml
[INFO] cfg.Configuration Reading mappings from resource : bioinfo/comaWebServer/entities/User.hbm.xml
[INFO] cfg.Configuration Reading mappings from resource : bioinfo/comaWebServer/entities/GrantedAuthorityBean.hbm.xml
[INFO] cfg.Configuration Reading mappings from resource : bioinfo/comaWebServer/entities/Job.hbm.xml
[INFO] cfg.Configuration Reading mappings from resource : bioinfo/comaWebServer/entities/DatabaseItem.hbm.xml
[INFO] cfg.Configuration Reading mappings from resource : bioinfo/comaWebServer/entities/DataFile.hbm.xml
[INFO] cfg.Configuration Reading mappings from resource : bioinfo/comaWebServer/entities/ComaResults.hbm.xml
[INFO] cfg.Configuration Reading mappings from resource : bioinfo/comaWebServer/entities/Image.hbm.xml
[INFO] cfg.Configuration Reading mappings from resource : bioinfo/comaWebServer/entities/ResultsHit.hbm.xml
[INFO] cfg.Configuration Reading mappings from resource : bioinfo/comaWebServer/entities/ResultsAlignment.hbm.xml
[INFO] cfg.Configuration Reading mappings from resource : bioinfo/comaWebServer/entities/AlignmentBibliography.hbm.xml
[INFO] cfg.Configuration Reading mappings from resource : bioinfo/comaWebServer/entities/ScopBibliography.hbm.xml
[INFO] cfg.Configuration Reading mappings from resource : bioinfo/comaWebServer/entities/ResultsQuery.hbm.xml
[INFO] cfg.Configuration Reading mappings from resource : bioinfo/comaWebServer/entities/ResultsFooter.hbm.xml
[INFO] cfg.Configuration Reading mappings from resource : bioinfo/comaWebServer/entities/HSSegmentPairs.hbm.xml
[INFO] cfg.Configuration Configured SessionFactory: null
[INFO] search.HibernateSearchEventListenerRegister Unable to find org.hibernate.search.event.FullTextIndexEventListener on the classpath. Hibernate Search is not enabled.
[INFO] cfg.HbmBinder Mapping class: bioinfo.comaWebServer.entities.Output -> Output
[INFO] cfg.HbmBinder Mapping class: bioinfo.comaWebServer.entities.Alignment -> Alignment
[INFO] cfg.HbmBinder Mapping class: bioinfo.comaWebServer.entities.ProfileConstruction -> ProfileConstruction
[INFO] cfg.HbmBinder Mapping class: bioinfo.comaWebServer.entities.Masking -> Masking
[INFO] cfg.HbmBinder Mapping class: bioinfo.comaWebServer.entities.SEG -> SEG
[INFO] cfg.HbmBinder Mapping class: bioinfo.comaWebServer.entities.GapProbability -> GapProbability
[INFO] cfg.HbmBinder Mapping class: bioinfo.comaWebServer.entities.Autocorrection -> Autocorrection
[INFO] cfg.HbmBinder Mapping class: bioinfo.comaWebServer.entities.InformationCorrection -> InformationCorrection
[INFO] cfg.HbmBinder Mapping class: bioinfo.comaWebServer.entities.AlignmentFilter -> AlignmentFilter
[INFO] cfg.HbmBinder Mapping class: bioinfo.comaWebServer.entities.Search -> Search
[INFO] cfg.HbmBinder Mapping class: bioinfo.comaWebServer.entities.Cluster -> Cluster
[INFO] cfg.HbmBinder Mapping class: bioinfo.comaWebServer.entities.EmailNotification -> EmailNotification
[INFO] cfg.HbmBinder Mapping class: bioinfo.comaWebServer.entities.PeriodicalWorkerParams -> PeriodicalWorkerParams
[INFO] cfg.HbmBinder Mapping class: bioinfo.comaWebServer.entities.User -> User
[INFO] cfg.HbmBinder Mapping class: bioinfo.comaWebServer.entities.GrantedAuthorityBean -> GrantedAuthorityBean
[INFO] cfg.HbmBinder Mapping class: bioinfo.comaWebServer.entities.Job -> Job
[INFO] cfg.HbmBinder Mapping class: bioinfo.comaWebServer.entities.DatabaseItem -> DatabaseItem
[INFO] cfg.HbmBinder Mapping class: bioinfo.comaWebServer.entities.DataFile -> DataFile
[INFO] cfg.HbmBinder Mapping class: bioinfo.comaWebServer.entities.ComaResults -> ComaResults
[INFO] cfg.HbmBinder Mapping class: bioinfo.comaWebServer.entities.Image -> Image
[INFO] cfg.HbmBinder Mapping class: bioinfo.comaWebServer.entities.ResultsHit -> ResultsHit
[INFO] cfg.HbmBinder Mapping class: bioinfo.comaWebServer.entities.ResultsAlignment -> ResultsAlignment
[INFO] cfg.HbmBinder Mapping class: bioinfo.comaWebServer.entities.AlignmentBibliography -> AlignmentBibliography
[INFO] cfg.HbmBinder Mapping class: bioinfo.comaWebServer.entities.ScopBibliography -> ScopBibliography
[INFO] cfg.HbmBinder Mapping class: bioinfo.comaWebServer.entities.ResultsQuery -> ResultsQuery
[INFO] cfg.HbmBinder Mapping class: bioinfo.comaWebServer.entities.ResultsFooter -> ResultsFooter
[INFO] cfg.HbmBinder Mapping class: bioinfo.comaWebServer.entities.HSSegmentPairs -> HSSegmentPairs
[INFO] cfg.HbmBinder Mapping collection: bioinfo.comaWebServer.entities.User.grantedAuthorities -> GrantedAuthorityBean
[INFO] cfg.HbmBinder Mapping collection: bioinfo.comaWebServer.entities.Job.dataFiles -> DataFile
[INFO] cfg.HbmBinder Mapping collection: bioinfo.comaWebServer.entities.ComaResults.hits -> ResultsHit
[INFO] cfg.HbmBinder Mapping collection: bioinfo.comaWebServer.entities.ComaResults.alignments -> ResultsAlignment
[INFO] cfg.HbmBinder Mapping collection: bioinfo.comaWebServer.entities.ComaResults.images -> Image
[INFO] cfg.HbmBinder Mapping collection: bioinfo.comaWebServer.entities.ResultsAlignment.queries -> ResultsQuery
[INFO] cfg.HbmBinder Mapping collection: bioinfo.comaWebServer.entities.AlignmentBibliography.scopBibliography -> ScopBibliography
[INFO] cfg.AnnotationConfiguration Hibernate Validator not found: ignoring
[INFO] connection.ConnectionProviderFactory Initializing connection provider: org.hibernate.connection.C3P0ConnectionProvider
[INFO] connection.C3P0ConnectionProvider C3P0 using driver: com.mysql.jdbc.Driver at URL: jdbc:mysql://localhost/comaServerTest
[INFO] connection.C3P0ConnectionProvider Connection properties: {user=comaServerTest, password=****}
[INFO] connection.C3P0ConnectionProvider autocommit mode: false
[INFO] log.MLog MLog clients using log4j logging.
[INFO] c3p0.C3P0Registry Initializing c3p0-0.9.1 [built 16-January-2007 14:46:42; debug? true; trace: 10]
[INFO] impl.AbstractPoolBackedDataSource Initializing c3p0 pool... com.mchange.v2.c3p0.PoolBackedDataSource@eeb97c57 [ connectionPoolDataSource -> com.mchange.v2.c3p0.WrapperConnectionPoolDataSource@34c7457 [ acquireIncrement -> 3, acquireRetryAttempts -> 0, acquireRetryDelay -> 30000, autoCommitOnClose -> false, automaticTestTable -> null, breakAfterAcquireFailure -> false, checkoutTimeout -> 0, connectionCustomizerClassName -> null, connectionTesterClassName -> com.mchange.v2.c3p0.impl.DefaultConnectionTester, debugUnreturnedConnectionStackTraces -> false, factoryClassLocation -> null, forceIgnoreUnresolvedTransactions -> false, identityToken -> z8kflt89aiashs1xxx6w3|5b76de14, idleConnectionTestPeriod -> 100, initialPoolSize -> 5, maxAdministrativeTaskTime -> 0, maxConnectionAge -> 0, maxIdleTime -> 1800, maxIdleTimeExcessConnections -> 0, maxPoolSize -> 20, maxStatements -> 50, maxStatementsPerConnection -> 0, minPoolSize -> 5, nestedDataSource -> com.mchange.v2.c3p0.DriverManagerDataSource@3f036dd0 [ description -> null, driverClass -> null, factoryClassLocation -> null, identityToken -> z8kflt89aiashs1xxx6w3|20ec6bb1, jdbcUrl -> jdbc:mysql://localhost/comaServerTest, properties -> {user=******, password=******} ], preferredTestQuery -> SELECT 1, propertyCycle -> 0, testConnectionOnCheckin -> false, testConnectionOnCheckout -> false, unreturnedConnectionTimeout -> 0, usesTraditionalReflectiveProxies -> false; userOverrides: {} ], dataSourceName -> null, factoryClassLocation -> null, identityToken -> z8kflt89aiashs1xxx6w3|5722cc7e, numHelperThreads -> 3 ]
[INFO] cfg.SettingsFactory RDBMS: MySQL, version: 5.0.77
[INFO] cfg.SettingsFactory JDBC driver: MySQL-AB JDBC Driver, version: mysql-connector-java-5.1.6 ( Revision: ${svn.Revision} )
[INFO] dialect.Dialect Using dialect: org.hibernate.dialect.MySQLDialect
[INFO] transaction.TransactionFactoryFactory Transaction strategy: org.hibernate.transaction.JDBCTransactionFactory
[INFO] transaction.TransactionManagerLookupFactory No TransactionManagerLookup configured (in JTA environment, use of read-write or transactional second-level cache is not recommended)
[INFO] cfg.SettingsFactory Automatic flush during beforeCompletion(): disabled
[INFO] cfg.SettingsFactory Automatic session close at end of transaction: disabled
[INFO] cfg.SettingsFactory JDBC batch size: 15
[INFO] cfg.SettingsFactory JDBC batch updates for versioned data: disabled
[INFO] cfg.SettingsFactory Scrollable result sets: enabled
[INFO] cfg.SettingsFactory JDBC3 getGeneratedKeys(): enabled
[INFO] cfg.SettingsFactory Connection release mode: auto
[INFO] cfg.SettingsFactory Maximum outer join fetch depth: 2
[INFO] cfg.SettingsFactory Default batch fetch size: 1
[INFO] cfg.SettingsFactory Generate SQL with comments: disabled
[INFO] cfg.SettingsFactory Order SQL updates by primary key: disabled
[INFO] cfg.SettingsFactory Order SQL inserts for batching: disabled
[INFO] cfg.SettingsFactory Query translator: org.hibernate.hql.ast.ASTQueryTranslatorFactory
[INFO] ast.ASTQueryTranslatorFactory Using ASTQueryTranslatorFactory
[INFO] cfg.SettingsFactory Query language substitutions: {}
[INFO] cfg.SettingsFactory JPA-QL strict compliance: disabled
[INFO] cfg.SettingsFactory Second-level cache: enabled
[INFO] cfg.SettingsFactory Query cache: disabled
[INFO] cfg.SettingsFactory Cache region factory : org.hibernate.cache.impl.NoCachingRegionFactory
[INFO] cfg.SettingsFactory Optimize cache for minimal puts: disabled
[INFO] cfg.SettingsFactory Structured second-level cache entries: disabled
[INFO] cfg.SettingsFactory Statistics: disabled
[INFO] cfg.SettingsFactory Deleted entity synthetic identifier rollback: disabled
[INFO] cfg.SettingsFactory Default entity-mode: pojo
[INFO] cfg.SettingsFactory Named query checking : enabled
[INFO] impl.SessionFactoryImpl building session factory
[INFO] impl.SessionFactoryObjectFactory Not binding factory to JNDI, no JNDI name configured
[INFO] hbm2ddl.SchemaUpdate Running hbm2ddl schema update
[INFO] hbm2ddl.SchemaUpdate fetching database metadata
[INFO] hbm2ddl.SchemaUpdate updating schema
[INFO] hbm2ddl.TableMetadata table found: comaServerTest.Alignment
[INFO] hbm2ddl.TableMetadata columns: [uc_x, id, lc_c, scheme, databaseitemid, lc_g, uc_c, uc_g]
[INFO] hbm2ddl.TableMetadata foreign keys: []
[INFO] hbm2ddl.TableMetadata indexes: [fke0d1c1c355ebaeb5, primary]
[INFO] hbm2ddl.TableMetadata table found: comaServerTest.AlignmentBibliography
[INFO] hbm2ddl.TableMetadata columns: [id, pfamid, pdbid, scopid, pubmedquery]
[INFO] hbm2ddl.TableMetadata foreign keys: []
[INFO] hbm2ddl.TableMetadata indexes: [primary]
[INFO] hbm2ddl.TableMetadata table found: comaServerTest.AlignmentFilter
[INFO] hbm2ddl.TableMetadata columns: [id, lc_w, lc_f, lc_u, uc_f]
[INFO] hbm2ddl.TableMetadata foreign keys: []
[INFO] hbm2ddl.TableMetadata indexes: [primary]
[INFO] hbm2ddl.TableMetadata table found: comaServerTest.Autocorrection
[INFO] hbm2ddl.TableMetadata columns: [id, lc_a, uc_k, lc_p, uc_m, lc_k, lc_m]
[INFO] hbm2ddl.TableMetadata foreign keys: []
[INFO] hbm2ddl.TableMetadata indexes: [primary]
[INFO] hbm2ddl.TableMetadata table found: comaServerTest.Cluster
[INFO] hbm2ddl.TableMetadata columns: [port, passphrase, urlforresults, globalfilepath, commandmsa, commandmodeller, hostname, localfilepath, id, remotefilepath, username, privatekeypath, commandcoma, local]
[INFO] hbm2ddl.TableMetadata foreign keys: []
[INFO] hbm2ddl.TableMetadata indexes: [primary]
[INFO] hbm2ddl.TableMetadata table found: comaServerTest.ComaResults
[INFO] hbm2ddl.TableMetadata columns: [searchid, id, profiledbvalue, numberofsequences, sequencedbname, profiledbname, resultsfooterid, supportmodeling, sequencedbvalue, noprofilesfound]
[INFO] hbm2ddl.TableMetadata foreign keys: []
[INFO] hbm2ddl.TableMetadata indexes: [fk5cbecb6caa8bff, primary, fk5cbecb65e817c9]
[INFO] hbm2ddl.TableMetadata table found: comaServerTest.DataFile
[INFO] hbm2ddl.TableMetadata columns: [id, path, type, jobid]
[INFO] hbm2ddl.TableMetadata foreign keys: []
[INFO] hbm2ddl.TableMetadata indexes: [primary, fk6e76d866eefaecb7]
[INFO] hbm2ddl.TableMetadata table found: comaServerTest.DatabaseItem
[INFO] hbm2ddl.TableMetadata columns: [partialname, id, name, value, path, nomodeling, type]
[INFO] hbm2ddl.TableMetadata foreign keys: []
[INFO] hbm2ddl.TableMetadata indexes: [primary]
[INFO] hbm2ddl.TableMetadata table found: comaServerTest.EmailNotification
[INFO] hbm2ddl.TableMetadata columns: [sender, port, id, hostname]
[INFO] hbm2ddl.TableMetadata foreign keys: []
[INFO] hbm2ddl.TableMetadata indexes: [primary]
[INFO] hbm2ddl.TableMetadata table found: comaServerTest.GapProbability
[INFO] hbm2ddl.TableMetadata columns: [id, uc_p, uc_r, uc_e]
[INFO] hbm2ddl.TableMetadata foreign keys: []
[INFO] hbm2ddl.TableMetadata indexes: [primary]
[INFO] hbm2ddl.TableMetadata table found: comaServerTest.GrantedAuthorityBean
[INFO] hbm2ddl.TableMetadata columns: [id, authority, authorityid]
[INFO] hbm2ddl.TableMetadata foreign keys: []
[INFO] hbm2ddl.TableMetadata indexes: [primary, fkb059aab8604b0447]
[INFO] hbm2ddl.TableMetadata table found: comaServerTest.HSSegmentPairs
[INFO] hbm2ddl.TableMetadata columns: [id, hsminscore, hsmaxdist, nohsps, hsplen]
[INFO] hbm2ddl.TableMetadata foreign keys: []
[INFO] hbm2ddl.TableMetadata indexes: [primary]
[INFO] hbm2ddl.TableMetadata table found: comaServerTest.Image
[INFO] hbm2ddl.TableMetadata columns: [id, priority, comaresultsid, path]
[INFO] hbm2ddl.TableMetadata foreign keys: []
[INFO] hbm2ddl.TableMetadata indexes: [fk437b93b9ca3bac9, primary]
[INFO] hbm2ddl.TableMetadata table found: comaServerTest.InformationCorrection
[INFO] hbm2ddl.TableMetadata columns: [id, lc_b, uc_j, lc_j, uc_b, lc_l]
[INFO] hbm2ddl.TableMetadata foreign keys: []
[INFO] hbm2ddl.TableMetadata indexes: [primary]
[INFO] hbm2ddl.TableMetadata table found: comaServerTest.Job
[INFO] hbm2ddl.TableMetadata columns: [generatedid, id, status, remotepath, email, expirationdate, description, comaresultsid, localpath, type, pbsid]
[INFO] hbm2ddl.TableMetadata foreign keys: []
[INFO] hbm2ddl.TableMetadata indexes: [generatedid, primary, fk1239d9ca3bac9]
[INFO] hbm2ddl.TableMetadata table found: comaServerTest.Masking
[INFO] hbm2ddl.TableMetadata columns: [id, lc_r, uc_i, uc_a]
[INFO] hbm2ddl.TableMetadata foreign keys: []
[INFO] hbm2ddl.TableMetadata indexes: [primary]
[INFO] hbm2ddl.TableMetadata table found: comaServerTest.Output
[INFO] hbm2ddl.TableMetadata columns: [uc_l, id, lc_e, uc_n, lc_n]
[INFO] hbm2ddl.TableMetadata foreign keys: []
[INFO] hbm2ddl.TableMetadata indexes: [primary]
[INFO] hbm2ddl.TableMetadata table found: comaServerTest.PeriodicalWorkerParams
[INFO] hbm2ddl.TableMetadata columns: [jobexpiration, id, evalueforpictures, jobwitherrorsexpiration, numberforpictures, redthreshold, greenthreshold]
[INFO] hbm2ddl.TableMetadata foreign keys: []
[INFO] hbm2ddl.TableMetadata indexes: [primary]
[INFO] hbm2ddl.TableMetadata table found: comaServerTest.ProfileConstruction
[INFO] hbm2ddl.TableMetadata columns: [lc_s, id, lc_b, lc_t, lc_x, uc_y]
[INFO] hbm2ddl.TableMetadata foreign keys: []
[INFO] hbm2ddl.TableMetadata indexes: [primary]
[INFO] hbm2ddl.TableMetadata table found: comaServerTest.ResultsAlignment
[INFO] hbm2ddl.TableMetadata columns: [ungappedk, bibliographyid, hasheader, querylength, entropy, ungappedlambda, hasfooter, nonnegativescore, comaresultsid, score, identities, gappedlambda, header, minmax, positives, id, expect, gaps, expected, priority, gappedk, name, pvalue, subjectlength]
[INFO] hbm2ddl.TableMetadata foreign keys: []
[INFO] hbm2ddl.TableMetadata indexes: [fk812fdead89b5cbc4, primary, fk812fdead9ca3bac9]
[INFO] hbm2ddl.TableMetadata table found: comaServerTest.ResultsFooter
[INFO] hbm2ddl.TableMetadata columns: [ungappedk, querylength, ungappedlambda, gapopencost, gappedlambda, id, initialgapextensioncost, scoringmethod, databaselength, queryeffectivelength, deletionprobabilityweight, gappedk, databaseeffectivelength, effectivesearchspace]
[INFO] hbm2ddl.TableMetadata foreign keys: []
[INFO] hbm2ddl.TableMetadata indexes: [primary]
[INFO] hbm2ddl.TableMetadata table found: comaServerTest.ResultsHit
[INFO] hbm2ddl.TableMetadata columns: [id, priority, name, comaresultsid, score, evalue]
[INFO] hbm2ddl.TableMetadata foreign keys: []
[INFO] hbm2ddl.TableMetadata indexes: [fk54c9afdd9ca3bac9, primary]
[INFO] hbm2ddl.TableMetadata table found: comaServerTest.ResultsQuery
[INFO] hbm2ddl.TableMetadata columns: [id, subjectbegin, resultsalignmentid, queryend, subject, query, priority, subjectend, querybegin, info]
[INFO] hbm2ddl.TableMetadata foreign keys: []
[INFO] hbm2ddl.TableMetadata indexes: [primary, fk49a14a92d8a996f3]
[INFO] hbm2ddl.TableMetadata table found: comaServerTest.SEG
[INFO] hbm2ddl.TableMetadata columns: [id, uc_v, uc_u, uc_d, lc_z, lc_y, uc_z]
[INFO] hbm2ddl.TableMetadata foreign keys: []
[INFO] hbm2ddl.TableMetadata indexes: [primary]
[INFO] hbm2ddl.TableMetadata table found: comaServerTest.ScopBibliography
[INFO] hbm2ddl.TableMetadata columns: [id, alignmentbibliographyid, scophierarchy, scopid]
[INFO] hbm2ddl.TableMetadata foreign keys: []
[INFO] hbm2ddl.TableMetadata indexes: [fk8a9ee2534c36e467, primary]
[INFO] hbm2ddl.TableMetadata table found: comaServerTest.Search
[INFO] hbm2ddl.TableMetadata columns: [id, msastrategy, databaseitemid, lc_t, lc_j, aa, lc_h, type, filters]
[INFO] hbm2ddl.TableMetadata foreign keys: []
[INFO] hbm2ddl.TableMetadata indexes: [primary, fk935f51c855ebaeb5]
[INFO] hbm2ddl.TableMetadata table found: comaServerTest.User
[INFO] hbm2ddl.TableMetadata columns: [credentialsnonexpired, id, enabled, username, accountnonlocked, accountnonexpired, email, password]
[INFO] hbm2ddl.TableMetadata foreign keys: []
[INFO] hbm2ddl.TableMetadata indexes: [username, primary]
[INFO] hbm2ddl.SchemaUpdate schema update complete
[INFO] tapestry5.TapestryFilter Startup status:

Application 'app' (Tapestry version 5.0.18).

Startup time: 110 ms to build IoC Registry, 1,989 ms overall.

Startup services status:
                     AccessDecisionManager: DEFINED
                      AcegiExceptionFilter: DEFINED
             ActionRenderResponseGenerator: DEFINED
          AjaxComponentEventRequestHandler: DEFINED
         AjaxComponentEventResultProcessor: DEFINED
               AjaxPartialResponseRenderer: DEFINED
                                     Alias: REAL
                            AliasOverrides: REAL
           AnonymousAuthenticationProvider: DEFINED
                 AnonymousProcessingFilter: DEFINED
                       ApplicationDefaults: REAL
                        ApplicationGlobals: REAL
                    ApplicationInitializer: REAL
                   ApplicationStateManager: DEFINED
 ApplicationStatePersistenceStrategySource: DEFINED
                           AspectDecorator: DEFINED
                       AssetBindingFactory: DEFINED
                       AssetObjectProvider: REAL
                               AssetSource: VIRTUAL
                  AuthenticationEntryPoint: DEFINED
            AuthenticationProcessingFilter: DEFINED
               AuthenticationTrustResolver: DEFINED
                             BaseURLSource: DEFINED
                   BeanBlockOverrideSource: DEFINED
                           BeanBlockSource: DEFINED
                           BeanModelSource: DEFINED
                             BindingSource: DEFINED
                              ChainBuilder: VIRTUAL
                              ClassFactory: BUILTIN
                          ClassNameLocator: REAL
                ClasspathAssetAliasManager: DEFINED
                     ClasspathAssetFactory: DEFINED
                     ClasspathURLConverter: REAL
              ClientPersistentFieldStorage: DEFINED
             ClientPersistentFieldStrategy: DEFINED
                       ComponentClassCache: DEFINED
                     ComponentClassFactory: DEFINED
                    ComponentClassResolver: REAL
             ComponentClassTransformWorker: DEFINED
                 ComponentClassTransformer: VIRTUAL
                  ComponentDefaultProvider: DEFINED
              ComponentEventRequestHandler: DEFINED
             ComponentEventResultProcessor: DEFINED
          ComponentInstanceResultProcessor: DEFINED
               ComponentInstantiatorSource: REAL
                    ComponentInvocationMap: DEFINED
                   ComponentMessagesSource: DEFINED
                           ComponentSource: DEFINED
                   ComponentTemplateSource: VIRTUAL
                                   Context: DEFINED
                       ContextAssetFactory: DEFINED
                        ContextPathEncoder: DEFINED
                       ContextValueEncoder: DEFINED
                                CookieSink: DEFINED
                              CookieSource: DEFINED
                                   Cookies: DEFINED
                             CtClassSource: DEFINED
                 DaoAuthenticationProvider: DEFINED
                          DataTypeAnalyzer: DEFINED
                   DefaultDataTypeAnalyzer: DEFINED
                    DefaultFileItemFactory: DEFINED
                DefaultHibernateConfigurer: DEFINED
              DefaultImplementationBuilder: VIRTUAL
                   EndOfRequestListenerHub: DEFINED
                               Environment: VIRTUAL
                EnvironmentalShadowBuilder: VIRTUAL
                         ExceptionAnalyzer: DEFINED
                          ExceptionTracker: DEFINED
                           FactoryDefaults: REAL
                     FieldTranslatorSource: DEFINED
                    FieldValidationSupport: DEFINED
               FieldValidatorDefaultSource: DEFINED
                      FieldValidatorSource: DEFINED
                               FormSupport: DEFINED
             HibernateEntityPackageManager: DEFINED
                   HibernateSessionManager: DEFINED
                    HibernateSessionSource: DEFINED
             HibernateTransactionDecorator: DEFINED
                  HiddenFieldLocationRules: DEFINED
                        HttpServletRequest: DEFINED
                 HttpServletRequestHandler: VIRTUAL
       HttpSessionContextIntegrationFilter: DEFINED
                               IDataSource: DEFINED
                        IgnoredPathsFilter: DEFINED
                         InjectionProvider: DEFINED
                    InternalRequestGlobals: VIRTUAL
                               LinkFactory: DEFINED
                        LocalizationSetter: DEFINED
                          LocationRenderer: DEFINED
                              LoggerSource: BUILTIN
                          LoggingDecorator: DEFINED
                             LogoutService: DEFINED
                            MarkupRenderer: DEFINED
                       MarkupWriterFactory: DEFINED
                          MasterDispatcher: DEFINED
                      MasterObjectProvider: REAL
                     MessageBindingFactory: DEFINED
                           MetaDataLocator: DEFINED
                          MultipartDecoder: DEFINED
          MyAuthenticationProcessingFilter: DEFINED
                              MySaltSource: VIRTUAL
           NullFieldStrategyBindingFactory: DEFINED
                   NullFieldStrategySource: DEFINED
                            ObjectRenderer: DEFINED
            PageActivationContextCollector: DEFINED
                   PageContentTypeAnalyzer: DEFINED
                     PageDocumentGenerator: DEFINED
                        PageElementFactory: DEFINED
                                PageLoader: DEFINED
                        PageMarkupRenderer: DEFINED
                                  PagePool: DEFINED
                           PageRenderQueue: DEFINED
                  PageRenderRequestHandler: DEFINED
                       PageResourcesSource: DEFINED
                      PageResponseRenderer: DEFINED
                       PageTemplateLocator: DEFINED
                     PartialMarkupRenderer: DEFINED
                           PasswordEncoder: DEFINED
                    PersistentFieldManager: DEFINED
                          PersistentLocale: DEFINED
                          PerthreadManager: BUILTIN
                           PipelineBuilder: REAL
                        PropBindingFactory: DEFINED
                            PropertyAccess: VIRTUAL
                     PropertyConduitSource: DEFINED
                     PropertyShadowBuilder: VIRTUAL
                           ProviderManager: VIRTUAL
        RealAuthenticationProcessingFilter: DEFINED
                       RegistryShutdownHub: BUILTIN
                           RegistryStartup: REAL
          RememberMeAuthenticationProvider: DEFINED
                   RememberMeLogoutHandler: DEFINED
                RememberMeProcessingFilter: DEFINED
                        RememberMeServices: VIRTUAL
                             RenderSupport: DEFINED
                                   Request: VIRTUAL
                   RequestExceptionHandler: DEFINED
                            RequestGlobals: VIRTUAL
                            RequestHandler: DEFINED
                          RequestPageCache: DEFINED
                      RequestPathOptimizer: DEFINED
                    RequestSecurityManager: DEFINED
                             ResourceCache: DEFINED
                   ResourceDigestGenerator: DEFINED
                          ResourceStreamer: DEFINED
                                  Response: VIRTUAL
                          ResponseRenderer: DEFINED
                                SaltSource: VIRTUAL
                           SecurityChecker: DEFINED
   SecurityContextHolderAwareRequestFilter: DEFINED
                 ServiceActivityScoreboard: BUILTIN
                    ServiceLifecycleSource: DEFINED
             ServletApplicationInitializer: REAL
                                   Session: VIRTUAL
SessionApplicationStatePersistenceStrategy: DEFINED
                           StrategyBuilder: VIRTUAL
                              SymbolSource: REAL
                            TemplateParser: DEFINED
                              ThreadLocale: VIRTUAL
                              TimingFilter: DEFINED
                   TranslateBindingFactory: DEFINED
                          TranslatorSource: DEFINED
                               TypeCoercer: REAL
                                URLEncoder: DEFINED
                         UpdateListenerHub: REAL
                        UserDetailsService: DEFINED
                    ValidateBindingFactory: DEFINED
             ValidationConstraintGenerator: DEFINED
                  ValidationMessagesSource: DEFINED
                        ValueEncoderSource: DEFINED

86.47% unrealized services (147/170)

2010-06-11 10:18:06.136::INFO:  Opened /home/coma/testing_COMA_server/jetty-6.1.14/logs/2010_06_11.request.log
2010-06-11 10:18:06.146::WARN:  failed SelectChannelConnector@0.0.0.0:8090
java.net.BindException: Address already in use
	at sun.nio.ch.Net.bind(Native Method)
	at sun.nio.ch.ServerSocketChannelImpl.bind(ServerSocketChannelImpl.java:119)
	at sun.nio.ch.ServerSocketAdaptor.bind(ServerSocketAdaptor.java:59)
	at org.mortbay.jetty.nio.SelectChannelConnector.open(SelectChannelConnector.java:216)
	at org.mortbay.jetty.nio.SelectChannelConnector.doStart(SelectChannelConnector.java:315)
	at org.mortbay.component.AbstractLifeCycle.start(AbstractLifeCycle.java:50)
	at org.mortbay.jetty.Server.doStart(Server.java:233)
	at org.mortbay.component.AbstractLifeCycle.start(AbstractLifeCycle.java:50)
	at org.mortbay.xml.XmlConfiguration.main(XmlConfiguration.java:985)
	at sun.reflect.NativeMethodAccessorImpl.invoke0(Native Method)
	at sun.reflect.NativeMethodAccessorImpl.invoke(NativeMethodAccessorImpl.java:39)
	at sun.reflect.DelegatingMethodAccessorImpl.invoke(DelegatingMethodAccessorImpl.java:25)
	at java.lang.reflect.Method.invoke(Method.java:597)
	at org.mortbay.start.Main.invokeMain(Main.java:194)
	at org.mortbay.start.Main.start(Main.java:523)
	at org.mortbay.start.Main.main(Main.java:119)
2010-06-11 10:18:06.147::WARN:  failed Server@50618d26
java.net.BindException: Address already in use
	at sun.nio.ch.Net.bind(Native Method)
	at sun.nio.ch.ServerSocketChannelImpl.bind(ServerSocketChannelImpl.java:119)
	at sun.nio.ch.ServerSocketAdaptor.bind(ServerSocketAdaptor.java:59)
	at org.mortbay.jetty.nio.SelectChannelConnector.open(SelectChannelConnector.java:216)
	at org.mortbay.jetty.nio.SelectChannelConnector.doStart(SelectChannelConnector.java:315)
	at org.mortbay.component.AbstractLifeCycle.start(AbstractLifeCycle.java:50)
	at org.mortbay.jetty.Server.doStart(Server.java:233)
	at org.mortbay.component.AbstractLifeCycle.start(AbstractLifeCycle.java:50)
	at org.mortbay.xml.XmlConfiguration.main(XmlConfiguration.java:985)
	at sun.reflect.NativeMethodAccessorImpl.invoke0(Native Method)
	at sun.reflect.NativeMethodAccessorImpl.invoke(NativeMethodAccessorImpl.java:39)
	at sun.reflect.DelegatingMethodAccessorImpl.invoke(DelegatingMethodAccessorImpl.java:25)
	at java.lang.reflect.Method.invoke(Method.java:597)
	at org.mortbay.start.Main.invokeMain(Main.java:194)
	at org.mortbay.start.Main.start(Main.java:523)
	at org.mortbay.start.Main.main(Main.java:119)
2010-06-11 10:18:06.147::WARN:  EXCEPTION 
java.net.BindException: Address already in use
	at sun.nio.ch.Net.bind(Native Method)
	at sun.nio.ch.ServerSocketChannelImpl.bind(ServerSocketChannelImpl.java:119)
	at sun.nio.ch.ServerSocketAdaptor.bind(ServerSocketAdaptor.java:59)
	at org.mortbay.jetty.nio.SelectChannelConnector.open(SelectChannelConnector.java:216)
	at org.mortbay.jetty.nio.SelectChannelConnector.doStart(SelectChannelConnector.java:315)
	at org.mortbay.component.AbstractLifeCycle.start(AbstractLifeCycle.java:50)
	at org.mortbay.jetty.Server.doStart(Server.java:233)
	at org.mortbay.component.AbstractLifeCycle.start(AbstractLifeCycle.java:50)
	at org.mortbay.xml.XmlConfiguration.main(XmlConfiguration.java:985)
	at sun.reflect.NativeMethodAccessorImpl.invoke0(Native Method)
	at sun.reflect.NativeMethodAccessorImpl.invoke(NativeMethodAccessorImpl.java:39)
	at sun.reflect.DelegatingMethodAccessorImpl.invoke(DelegatingMethodAccessorImpl.java:25)
	at java.lang.reflect.Method.invoke(Method.java:597)
	at org.mortbay.start.Main.invokeMain(Main.java:194)
	at org.mortbay.start.Main.start(Main.java:523)
	at org.mortbay.start.Main.main(Main.java:119)
[ERROR] periodicalGarbageCollector org.apache.commons.io.FileUtils.forceDelete(FileUtils.java:1247)
[ERROR] periodicalGarbageCollector org.apache.commons.io.FileUtils.cleanDirectory(FileUtils.java:903)
[ERROR] periodicalGarbageCollector org.apache.commons.io.FileUtils.deleteDirectory(FileUtils.java:869)
[ERROR] periodicalGarbageCollector org.apache.commons.io.FileUtils.forceDelete(FileUtils.java:1239)
[ERROR] periodicalGarbageCollector bioinfo.comaWebServer.dataManagement.periodical.PeriodicalGarbageCollector.run(PeriodicalGarbageCollector.java:99)
[ERROR] periodicalGarbageCollector java.util.TimerThread.mainLoop(Timer.java:512)
[ERROR] periodicalGarbageCollector java.util.TimerThread.run(Timer.java:462)
2010-06-11 10:18:32.757::INFO:  Shutdown hook executing
2010-06-11 10:18:32.757::INFO:  Graceful shutdown SelectChannelConnector@0.0.0.0:8090
2010-06-11 10:18:32.758::INFO:  Graceful shutdown org.mortbay.jetty.webapp.WebAppContext@2b5ac3c9{/comaWebServer-jndi,/home/coma/testing_COMA_server/jetty-6.1.14/contexts/comaWebServer-jndi.d}
2010-06-11 10:18:32.758::INFO:  Graceful shutdown org.mortbay.jetty.handler.ContextHandler@2ec791b9{/javadoc,file:/home/coma/testing_COMA_server/jetty-6.1.14/javadoc/}
2010-06-11 10:18:32.758::INFO:  Graceful shutdown org.mortbay.jetty.webapp.WebAppContext@16290fbc{/coma,/home/coma/testing_COMA_server/jetty-6.1.14/webapps/comaWebServer}
2010-06-11 10:18:33.867::INFO:  Shutdown hook complete
