Update sarted:
Thu Jul 29 14:17:00 EEST 2010
===============================================================
*
optimization finished, #iter = 470
nu = 0.029201
obj = -14.980458, rho = 0.650964
nSV = 169, nBSV = 0
Total nSV = 169
*
optimization finished, #iter = 448
nu = 0.028835
obj = -14.792594, rho = 0.707799
nSV = 163, nBSV = 0
Total nSV = 163
*
optimization finished, #iter = 456
nu = 0.031010
obj = -15.908728, rho = 0.957879
nSV = 171, nBSV = 0
Total nSV = 171
*
optimization finished, #iter = 456
nu = 0.028456
obj = -14.598229, rho = 0.635208
nSV = 172, nBSV = 0
Total nSV = 172
*
optimization finished, #iter = 423
nu = 0.026402
obj = -13.517858, rho = 0.365175
nSV = 159, nBSV = 0
Total nSV = 159
*
optimization finished, #iter = 534
nu = 0.026994
obj = -17.303832, rho = 0.790290
nSV = 194, nBSV = 0
Total nSV = 194
*
optimization finished, #iter = 462
nu = 0.026130
obj = -13.405173, rho = 0.337345
nSV = 166, nBSV = 0
Total nSV = 166
*
optimization finished, #iter = 434
nu = 0.025137
obj = -12.895776, rho = 0.328937
nSV = 166, nBSV = 0
Total nSV = 166
*
optimization finished, #iter = 463
nu = 0.027233
obj = -13.971124, rho = 0.535243
nSV = 174, nBSV = 0
Total nSV = 174
*
optimization finished, #iter = 446
nu = 0.025387
obj = -13.023670, rho = 0.385156
nSV = 167, nBSV = 0
Total nSV = 167
*
optimization finished, #iter = 410
nu = 0.023582
obj = -12.074127, rho = 0.137830
nSV = 158, nBSV = 0
Total nSV = 158
*
optimization finished, #iter = 489
nu = 0.023692
obj = -15.187009, rho = 0.400223
nSV = 193, nBSV = 0
Total nSV = 193
*
optimization finished, #iter = 344
nu = 0.024513
obj = -10.515999, rho = -0.714247
nSV = 130, nBSV = 0
Total nSV = 130
*
optimization finished, #iter = 324
nu = 0.024304
obj = -10.426543, rho = -1.108366
nSV = 126, nBSV = 0
Total nSV = 126
*
optimization finished, #iter = 336
nu = 0.024243
obj = -10.400524, rho = -1.050928
nSV = 130, nBSV = 0
Total nSV = 130
*
optimization finished, #iter = 320
nu = 0.024349
obj = -10.445897, rho = -0.749921
nSV = 123, nBSV = 0
Total nSV = 123
*
optimization finished, #iter = 319
nu = 0.026874
obj = -11.502398, rho = -0.706532
nSV = 126, nBSV = 0
Total nSV = 126
*
optimization finished, #iter = 361
nu = 0.023198
obj = -12.434238, rho = 0.962061
nSV = 137, nBSV = 0
Total nSV = 137
*
optimization finished, #iter = 331
nu = 0.021548
obj = -9.244545, rho = -0.461482
nSV = 129, nBSV = 0
Total nSV = 129
*
optimization finished, #iter = 321
nu = 0.020652
obj = -8.860363, rho = -0.682804
nSV = 122, nBSV = 0
Total nSV = 122
*
optimization finished, #iter = 340
nu = 0.020412
obj = -8.757005, rho = -0.758572
nSV = 137, nBSV = 0
Total nSV = 137
*
optimization finished, #iter = 334
nu = 0.021242
obj = -9.112895, rho = -0.520957
nSV = 130, nBSV = 0
Total nSV = 130
*
optimization finished, #iter = 328
nu = 0.022380
obj = -9.578619, rho = -0.354692
nSV = 133, nBSV = 0
Total nSV = 133
*
optimization finished, #iter = 372
nu = 0.019470
obj = -10.436001, rho = 0.557660
nSV = 147, nBSV = 0
Total nSV = 147
*
optimization finished, #iter = 294
nu = 0.019543
obj = -7.778084, rho = -0.585304
nSV = 117, nBSV = 0
Total nSV = 117
*
optimization finished, #iter = 329
nu = 0.020524
obj = -8.168530, rho = -0.431984
nSV = 126, nBSV = 0
Total nSV = 126
*
optimization finished, #iter = 318
nu = 0.019140
obj = -7.598689, rho = -0.671542
nSV = 119, nBSV = 0
Total nSV = 119
*
optimization finished, #iter = 326
nu = 0.020775
obj = -8.268263, rho = -0.701123
nSV = 125, nBSV = 0
Total nSV = 125
*
optimization finished, #iter = 312
nu = 0.021164
obj = -8.402391, rho = -0.927852
nSV = 124, nBSV = 0
Total nSV = 124
*
optimization finished, #iter = 352
nu = 0.018788
obj = -9.337785, rho = 0.700522
nSV = 142, nBSV = 0
Total nSV = 142
===============================================================
Update finished:
Thu Jul 29 14:21:29 EEST 2010
